

TimeCreated  : 01/07/2026 9:44:12
Id           : 3
ProviderName : Microsoft-Windows-Sysmon
MachineName  : labwin
Message      : Network connection detected:
               RuleName: -
               UtcTime: 2026-07-01 07:44:09.339
               ProcessGuid: {55857b6a-c0f5-6a44-2d00-000000000c00}
               ProcessId: 2264
               Image: C:\Windows\System32\svchost.exe
               User: NT AUTHORITY\Servicio de red
               Protocol: udp
               Initiated: true
               SourceIsIpv6: false
               SourceIp: 10.0.2.15
               SourceHostname: labwin.XCORP.almendralejo.es
               SourcePort: 54316
               SourcePortName: -
               DestinationIsIpv6: false
               DestinationIp: 10.100.16.82
               DestinationHostname: volantis.corp.almendralejo.es
               DestinationPort: 53
               DestinationPortName: domain

TimeCreated  : 01/07/2026 9:44:12
Id           : 22
ProviderName : Microsoft-Windows-Sysmon
MachineName  : labwin
Message      : Dns query:
               RuleName: -
               UtcTime: 2026-07-01 07:44:09.735
               ProcessGuid: {55857b6a-c0f6-6a44-4400-000000000c00}
               ProcessId: 3444
               QueryName: 15.133.209.48.in-addr.arpa.
               QueryStatus: 9003
               QueryResults: -
               Image: C:\Windows\Sysmon64.exe
               User: NT AUTHORITY\SYSTEM

TimeCreated  : 01/07/2026 9:44:11
Id           : 3
ProviderName : Microsoft-Windows-Sysmon
MachineName  : labwin
Message      : Network connection detected:
               RuleName: -
               UtcTime: 2026-07-01 07:44:08.316
               ProcessGuid: {55857b6a-c547-6a44-a201-000000000c00}
               ProcessId: 9500
               Image: C:\Windows\System32\taskhostw.exe
               User: NT AUTHORITY\SYSTEM
               Protocol: tcp
               Initiated: true
               SourceIsIpv6: false
               SourceIp: 10.0.2.15
               SourceHostname: labwin.XCORP.almendralejo.es
               SourcePort: 64047
               SourcePortName: -
               DestinationIsIpv6: false
               DestinationIp: 48.209.133.15
               DestinationHostname: -
               DestinationPort: 443
               DestinationPortName: https

TimeCreated  : 01/07/2026 9:44:11
Id           : 3
ProviderName : Microsoft-Windows-Sysmon
MachineName  : labwin
Message      : Network connection detected:
               RuleName: -
               UtcTime: 2026-07-01 07:44:07.388
               ProcessGuid: {00000000-0000-0000-0000-000000000000}
               ProcessId: 9500
               Image: <unknown process>
               User: -
               Protocol: tcp
               Initiated: true
               SourceIsIpv6: false
               SourceIp: 10.0.2.15
               SourceHostname: labwin.XCORP.almendralejo.es
               SourcePort: 64045
               SourcePortName: -
               DestinationIsIpv6: false
               DestinationIp: 48.209.133.15
               DestinationHostname: -
               DestinationPort: 443
               DestinationPortName: https

TimeCreated  : 01/07/2026 9:44:10
Id           : 3
ProviderName : Microsoft-Windows-Sysmon
MachineName  : labwin
Message      : Network connection detected:
               RuleName: -
               UtcTime: 2026-07-01 07:44:08.020
               ProcessGuid: {55857b6a-c547-6a44-a201-000000000c00}
               ProcessId: 9500
               Image: C:\Windows\System32\taskhostw.exe
               User: NT AUTHORITY\SYSTEM
               Protocol: tcp
               Initiated: true
               SourceIsIpv6: false
               SourceIp: 10.0.2.15
               SourceHostname: labwin.XCORP.almendralejo.es
               SourcePort: 64046
               SourcePortName: -
               DestinationIsIpv6: false
               DestinationIp: 48.209.133.15
               DestinationHostname: -
               DestinationPort: 443
               DestinationPortName: https

TimeCreated  : 01/07/2026 9:44:10
Id           : 22
ProviderName : Microsoft-Windows-Sysmon
MachineName  : labwin
Message      : Dns query:
               RuleName: -
               UtcTime: 2026-07-01 07:44:07.726
               ProcessGuid: {55857b6a-c547-6a44-a201-000000000c00}
               ProcessId: 9500
               QueryName: settings-win.data.microsoft.com
               QueryStatus: 0
               QueryResults: type: 5 atm-settingsfe-prod-geo2.trafficmanager.net;type: 5 
               settings-prod-neu-1-tagged.northeurope.cloudapp.azure.com;::ffff:48.209.133.15;
               Image: C:\Windows\System32\taskhostw.exe
               User: NT AUTHORITY\SYSTEM

TimeCreated  : 01/07/2026 9:44:09
Id           : 5
ProviderName : Microsoft-Windows-Sysmon
MachineName  : labwin
Message      : Process terminated:
               RuleName: -
               UtcTime: 2026-07-01 07:44:09.443
               ProcessGuid: {55857b6a-c547-6a44-a201-000000000c00}
               ProcessId: 9500
               Image: C:\Windows\System32\taskhostw.exe
               User: NT AUTHORITY\SYSTEM

TimeCreated  : 01/07/2026 9:44:09
Id           : 3
ProviderName : Microsoft-Windows-Sysmon
MachineName  : labwin
Message      : Network connection detected:
               RuleName: -
               UtcTime: 2026-07-01 07:44:07.325
               ProcessGuid: {55857b6a-c0f5-6a44-2d00-000000000c00}
               ProcessId: 2264
               Image: C:\Windows\System32\svchost.exe
               User: NT AUTHORITY\Servicio de red
               Protocol: udp
               Initiated: true
               SourceIsIpv6: false
               SourceIp: 10.0.2.15
               SourceHostname: labwin.XCORP.almendralejo.es
               SourcePort: 54284
               SourcePortName: -
               DestinationIsIpv6: false
               DestinationIp: 10.100.16.82
               DestinationHostname: volantis.corp.almendralejo.es
               DestinationPort: 53
               DestinationPortName: domain

TimeCreated  : 01/07/2026 9:44:09
Id           : 3
ProviderName : Microsoft-Windows-Sysmon
MachineName  : labwin
Message      : Network connection detected:
               RuleName: -
               UtcTime: 2026-07-01 07:44:07.316
               ProcessGuid: {55857b6a-c0f5-6a44-2d00-000000000c00}
               ProcessId: 2264
               Image: C:\Windows\System32\svchost.exe
               User: NT AUTHORITY\Servicio de red
               Protocol: udp
               Initiated: false
               SourceIsIpv6: false
               SourceIp: 10.0.2.15
               SourceHostname: labwin.XCORP.almendralejo.es
               SourcePort: 54316
               SourcePortName: -
               DestinationIsIpv6: false
               DestinationIp: 10.100.15.20
               DestinationHostname: astapor.corp.almendralejo.es
               DestinationPort: 53
               DestinationPortName: domain

TimeCreated  : 01/07/2026 9:44:09
Id           : 3
ProviderName : Microsoft-Windows-Sysmon
MachineName  : labwin
Message      : Network connection detected:
               RuleName: -
               UtcTime: 2026-07-01 07:44:07.289
               ProcessGuid: {55857b6a-c0f5-6a44-2d00-000000000c00}
               ProcessId: 2264
               Image: C:\Windows\System32\svchost.exe
               User: NT AUTHORITY\Servicio de red
               Protocol: udp
               Initiated: true
               SourceIsIpv6: false
               SourceIp: 10.0.2.15
               SourceHostname: labwin.XCORP.almendralejo.es
               SourcePort: 54316
               SourcePortName: -
               DestinationIsIpv6: false
               DestinationIp: 10.100.15.20
               DestinationHostname: astapor.corp.almendralejo.es
               DestinationPort: 53
               DestinationPortName: domain

TimeCreated  : 01/07/2026 9:44:07
Id           : 1
ProviderName : Microsoft-Windows-Sysmon
MachineName  : labwin
Message      : Process Create:
               RuleName: -
               UtcTime: 2026-07-01 07:44:07.867
               ProcessGuid: {55857b6a-c547-6a44-a301-000000000c00}
               ProcessId: 14848
               Image: C:\Windows\System32\sppsvc.exe
               FileVersion: 10.0.26100.8655 (WinBuild.160101.0800)
               Description: Microsoft Software Protection Platform Service
               Product: Microsoft® Windows® Operating System
               Company: Microsoft Corporation
               OriginalFileName: sppsvc.exe
               CommandLine: C:\WINDOWS\system32\sppsvc.exe
               CurrentDirectory: C:\WINDOWS
               User: NT AUTHORITY\Servicio de red
               LogonGuid: {55857b6a-c0f5-6a44-e403-000000000000}
               LogonId: 0x3E4
               TerminalSessionId: 0
               IntegrityLevel: System
               Hashes: SHA256=DBC0A6FC05209FF05B60C1D127E7897555A3B314B448936D951A28244FC337B6,IMPHAS
               H=6A1CC13E54D1F32DE46043FCDF341B9B
               ParentProcessGuid: {00000000-0000-0000-0000-000000000000}
               ParentProcessId: 928
               ParentImage: -
               ParentCommandLine: -
               ParentUser: -

TimeCreated  : 01/07/2026 9:44:07
Id           : 5
ProviderName : Microsoft-Windows-Sysmon
MachineName  : labwin
Message      : Process terminated:
               RuleName: -
               UtcTime: 2026-07-01 07:44:07.544
               ProcessGuid: {55857b6a-c47a-6a44-9401-000000000c00}
               ProcessId: 14820
               Image: C:\Windows\System32\backgroundTaskHost.exe
               User: labwin\jjstestal

TimeCreated  : 01/07/2026 9:44:07
Id           : 1
ProviderName : Microsoft-Windows-Sysmon
MachineName  : labwin
Message      : Process Create:
               RuleName: -
               UtcTime: 2026-07-01 07:44:07.434
               ProcessGuid: {55857b6a-c547-6a44-a201-000000000c00}
               ProcessId: 9500
               Image: C:\Windows\System32\taskhostw.exe
               FileVersion: 10.0.26100.8328 (WinBuild.160101.0800)
               Description: Host Process for Windows Tasks
               Product: Microsoft® Windows® Operating System
               Company: Microsoft Corporation
               OriginalFileName: taskhostw.exe
               CommandLine: taskhostw.exe
               CurrentDirectory: C:\WINDOWS\system32\
               User: NT AUTHORITY\SYSTEM
               LogonGuid: {55857b6a-c0f4-6a44-e703-000000000000}
               LogonId: 0x3E7
               TerminalSessionId: 0
               IntegrityLevel: System
               Hashes: SHA256=EA8D441DF237FB3D3B7A27A95FDE186E19C94D58A618F5C29ED5FC13CB155E96,IMPHAS
               H=2196268E7A2880E3ADC74481297D0C4B
               ParentProcessGuid: {00000000-0000-0000-0000-000000000000}
               ParentProcessId: 1544
               ParentImage: -
               ParentCommandLine: -
               ParentUser: -

TimeCreated  : 01/07/2026 9:44:07
Id           : 11
ProviderName : Microsoft-Windows-Sysmon
MachineName  : labwin
Message      : File created:
               RuleName: -
               UtcTime: 2026-07-01 07:44:07.021
               ProcessGuid: {55857b6a-c19b-6a44-2101-000000000c00}
               ProcessId: 1708
               Image: C:\WINDOWS\System32\WindowsPowerShell\v1.0\powershell.exe
               TargetFilename: C:\TFM_Triage\reports\count_system_fase4.txt
               CreationUtcTime: 2026-07-01 07:44:07.021
               User: labwin\jjstestal

TimeCreated  : 01/07/2026 9:44:00
Id           : 5
ProviderName : Microsoft-Windows-Sysmon
MachineName  : labwin
Message      : Process terminated:
               RuleName: -
               UtcTime: 2026-07-01 07:44:00.137
               ProcessGuid: {55857b6a-c3a3-6a44-7e01-000000000c00}
               ProcessId: 11224
               Image: C:\Windows\System32\SearchProtocolHost.exe
               User: NT AUTHORITY\SYSTEM

TimeCreated  : 01/07/2026 9:43:49
Id           : 5
ProviderName : Microsoft-Windows-Sysmon
MachineName  : labwin
Message      : Process terminated:
               RuleName: -
               UtcTime: 2026-07-01 07:43:49.147
               ProcessGuid: {55857b6a-c3a3-6a44-8001-000000000c00}
               ProcessId: 1524
               Image: C:\Windows\System32\SearchFilterHost.exe
               User: NT AUTHORITY\SYSTEM

TimeCreated  : 01/07/2026 9:43:49
Id           : 5
ProviderName : Microsoft-Windows-Sysmon
MachineName  : labwin
Message      : Process terminated:
               RuleName: -
               UtcTime: 2026-07-01 07:43:49.143
               ProcessGuid: {55857b6a-c3a3-6a44-7f01-000000000c00}
               ProcessId: 10716
               Image: C:\Windows\System32\SearchFilterHost.exe
               User: NT AUTHORITY\SYSTEM

TimeCreated  : 01/07/2026 9:43:37
Id           : 5
ProviderName : Microsoft-Windows-Sysmon
MachineName  : labwin
Message      : Process terminated:
               RuleName: -
               UtcTime: 2026-07-01 07:43:37.879
               ProcessGuid: {55857b6a-c101-6a44-a500-000000000c00}
               ProcessId: 8656
               Image: C:\Windows\System32\smartscreen.exe
               User: labwin\jjstestal

TimeCreated  : 01/07/2026 9:43:28
Id           : 5
ProviderName : Microsoft-Windows-Sysmon
MachineName  : labwin
Message      : Process terminated:
               RuleName: -
               UtcTime: 2026-07-01 07:43:28.845
               ProcessGuid: {55857b6a-c47d-6a44-9801-000000000c00}
               ProcessId: 12480
               Image: C:\Windows\System32\wbem\WmiPrvSE.exe
               User: NT AUTHORITY\Servicio de red

TimeCreated  : 01/07/2026 9:43:28
Id           : 5
ProviderName : Microsoft-Windows-Sysmon
MachineName  : labwin
Message      : Process terminated:
               RuleName: -
               UtcTime: 2026-07-01 07:43:28.845
               ProcessGuid: {55857b6a-c4c8-6a44-a001-000000000c00}
               ProcessId: 14116
               Image: C:\Windows\System32\wbem\WmiPrvSE.exe
               User: NT AUTHORITY\SERVICIO LOCAL

TimeCreated  : 01/07/2026 9:43:19
Id           : 22
ProviderName : Microsoft-Windows-Sysmon
MachineName  : labwin
Message      : Dns query:
               RuleName: -
               UtcTime: 2026-07-01 07:43:16.601
               ProcessGuid: {55857b6a-c0f6-6a44-4400-000000000c00}
               ProcessId: 3444
               QueryName: 225.162.46.104.in-addr.arpa.
               QueryStatus: 9003
               QueryResults: -
               Image: C:\Windows\Sysmon64.exe
               User: NT AUTHORITY\SYSTEM

TimeCreated  : 01/07/2026 9:43:17
Id           : 3
ProviderName : Microsoft-Windows-Sysmon
MachineName  : labwin
Message      : Network connection detected:
               RuleName: -
               UtcTime: 2026-07-01 07:43:13.486
               ProcessGuid: {55857b6a-c0f6-6a44-3e00-000000000c00}
               ProcessId: 3324
               Image: C:\Windows\System32\svchost.exe
               User: NT AUTHORITY\SYSTEM
               Protocol: tcp
               Initiated: true
               SourceIsIpv6: false
               SourceIp: 10.0.2.15
               SourceHostname: labwin.XCORP.almendralejo.es
               SourcePort: 64044
               SourcePortName: -
               DestinationIsIpv6: false
               DestinationIp: 104.46.162.225
               DestinationHostname: -
               DestinationPort: 443
               DestinationPortName: https

TimeCreated  : 01/07/2026 9:43:17
Id           : 3
ProviderName : Microsoft-Windows-Sysmon
MachineName  : labwin
Message      : Network connection detected:
               RuleName: -
               UtcTime: 2026-07-01 07:43:13.218
               ProcessGuid: {55857b6a-c0f5-6a44-2d00-000000000c00}
               ProcessId: 2264
               Image: C:\Windows\System32\svchost.exe
               User: NT AUTHORITY\Servicio de red
               Protocol: udp
               Initiated: true
               SourceIsIpv6: false
               SourceIp: 10.0.2.15
               SourceHostname: labwin.XCORP.almendralejo.es
               SourcePort: 61343
               SourcePortName: -
               DestinationIsIpv6: false
               DestinationIp: 10.100.16.82
               DestinationHostname: volantis.corp.almendralejo.es
               DestinationPort: 53
               DestinationPortName: domain

TimeCreated  : 01/07/2026 9:43:16
Id           : 22
ProviderName : Microsoft-Windows-Sysmon
MachineName  : labwin
Message      : Dns query:
               RuleName: -
               UtcTime: 2026-07-01 07:43:13.618
               ProcessGuid: {55857b6a-c0f6-6a44-3e00-000000000c00}
               ProcessId: 3324
               QueryName: v10.events.data.microsoft.com
               QueryStatus: 0
               QueryResults: type: 5 win-global-asimov-leafs-events-data.trafficmanager.net;type: 5 
               onedscolprdgwc03.germanywestcentral.cloudapp.azure.com;::ffff:104.46.162.225;
               Image: C:\Windows\System32\svchost.exe
               User: NT AUTHORITY\SYSTEM

TimeCreated  : 01/07/2026 9:43:11
Id           : 11
ProviderName : Microsoft-Windows-Sysmon
MachineName  : labwin
Message      : File created:
               RuleName: -
               UtcTime: 2026-07-01 07:43:11.748
               ProcessGuid: {55857b6a-c19b-6a44-2101-000000000c00}
               ProcessId: 1708
               Image: C:\WINDOWS\System32\WindowsPowerShell\v1.0\powershell.exe
               TargetFilename: C:\TFM_Triage\reports\count_security_fase4.txt
               CreationUtcTime: 2026-07-01 07:43:11.748
               User: labwin\jjstestal

TimeCreated  : 01/07/2026 9:43:05
Id           : 11
ProviderName : Microsoft-Windows-Sysmon
MachineName  : labwin
Message      : File created:
               RuleName: -
               UtcTime: 2026-07-01 07:43:05.598
               ProcessGuid: {55857b6a-c19b-6a44-2101-000000000c00}
               ProcessId: 1708
               Image: C:\WINDOWS\System32\WindowsPowerShell\v1.0\powershell.exe
               TargetFilename: C:\TFM_Triage\reports\count_powershell_fase4.txt
               CreationUtcTime: 2026-07-01 07:43:05.596
               User: labwin\jjstestal

TimeCreated  : 01/07/2026 9:43:03
Id           : 5
ProviderName : Microsoft-Windows-Sysmon
MachineName  : labwin
Message      : Process terminated:
               RuleName: -
               UtcTime: 2026-07-01 07:43:03.601
               ProcessGuid: {55857b6a-c4c8-6a44-a101-000000000c00}
               ProcessId: 4000
               Image: C:\Windows\System32\svchost.exe
               User: NT AUTHORITY\SYSTEM

TimeCreated  : 01/07/2026 9:42:59
Id           : 11
ProviderName : Microsoft-Windows-Sysmon
MachineName  : labwin
Message      : File created:
               RuleName: -
               UtcTime: 2026-07-01 07:42:59.416
               ProcessGuid: {55857b6a-c19b-6a44-2101-000000000c00}
               ProcessId: 1708
               Image: C:\WINDOWS\System32\WindowsPowerShell\v1.0\powershell.exe
               TargetFilename: C:\TFM_Triage\reports\count_sysmon_fase4.txt
               CreationUtcTime: 2026-07-01 07:42:59.416
               User: labwin\jjstestal

TimeCreated  : 01/07/2026 9:42:47
Id           : 5
ProviderName : Microsoft-Windows-Sysmon
MachineName  : labwin
Message      : Process terminated:
               RuleName: -
               UtcTime: 2026-07-01 07:42:47.702
               ProcessGuid: {55857b6a-c47e-6a44-9c01-000000000c00}
               ProcessId: 4240
               Image: C:\Windows\servicing\TrustedInstaller.exe
               User: NT AUTHORITY\SYSTEM

TimeCreated  : 01/07/2026 9:42:47
Id           : 5
ProviderName : Microsoft-Windows-Sysmon
MachineName  : labwin
Message      : Process terminated:
               RuleName: -
               UtcTime: 2026-07-01 07:42:47.698
               ProcessGuid: {55857b6a-c47e-6a44-9d01-000000000c00}
               ProcessId: 12932
               Image: C:\Windows\WinSxS\amd64_microsoft-windows-servicingstack_31bf3856ad364e35_10.0.
               26100.8648_none_a50ef8e3775e8e5e\TiWorker.exe
               User: NT AUTHORITY\SYSTEM

TimeCreated  : 01/07/2026 9:42:35
Id           : 5
ProviderName : Microsoft-Windows-Sysmon
MachineName  : labwin
Message      : Process terminated:
               RuleName: -
               UtcTime: 2026-07-01 07:42:35.843
               ProcessGuid: {55857b6a-c35c-6a44-7201-000000000c00}
               ProcessId: 4068
               Image: C:\Windows\System32\svchost.exe
               User: NT AUTHORITY\SYSTEM

TimeCreated  : 01/07/2026 9:42:13
Id           : 11
ProviderName : Microsoft-Windows-Sysmon
MachineName  : labwin
Message      : File created:
               RuleName: -
               UtcTime: 2026-07-01 07:42:13.797
               ProcessGuid: {55857b6a-c19b-6a44-2101-000000000c00}
               ProcessId: 1708
               Image: C:\WINDOWS\System32\WindowsPowerShell\v1.0\powershell.exe
               TargetFilename: C:\TFM_Triage\reports\fase4_end.txt
               CreationUtcTime: 2026-07-01 07:42:13.797
               User: labwin\jjstestal

TimeCreated  : 01/07/2026 9:42:04
Id           : 11
ProviderName : Microsoft-Windows-Sysmon
MachineName  : labwin
Message      : File created:
               RuleName: -
               UtcTime: 2026-07-01 07:42:04.102
               ProcessGuid: {55857b6a-c19b-6a44-2101-000000000c00}
               ProcessId: 1708
               Image: C:\WINDOWS\System32\WindowsPowerShell\v1.0\powershell.exe
               TargetFilename: C:\TFM_Triage\reports\fase4_S7_network_powershell.txt
               CreationUtcTime: 2026-07-01 07:42:04.101
               User: labwin\jjstestal

TimeCreated  : 01/07/2026 9:42:02
Id           : 22
ProviderName : Microsoft-Windows-Sysmon
MachineName  : labwin
Message      : Dns query:
               RuleName: -
               UtcTime: 2026-07-01 07:41:59.388
               ProcessGuid: {55857b6a-c0f6-6a44-4400-000000000c00}
               ProcessId: 3444
               QueryName: 154.23.20.104.in-addr.arpa.
               QueryStatus: 9003
               QueryResults: -
               Image: C:\Windows\Sysmon64.exe
               User: NT AUTHORITY\SYSTEM

TimeCreated  : 01/07/2026 9:42:01
Id           : 22
ProviderName : Microsoft-Windows-Sysmon
MachineName  : labwin
Message      : Dns query:
               RuleName: -
               UtcTime: 2026-07-01 07:41:58.105
               ProcessGuid: {55857b6a-c19b-6a44-2101-000000000c00}
               ProcessId: 1708
               QueryName: www.example.com
               QueryStatus: 0
               QueryResults: 2606:4700:10::ac42:93f3;2606:4700:10::6814:179a;::ffff:172.66.147.243;::
               ffff:104.20.23.154;
               Image: C:\Windows\System32\WindowsPowerShell\v1.0\powershell.exe
               User: labwin\jjstestal

TimeCreated  : 01/07/2026 9:42:01
Id           : 22
ProviderName : Microsoft-Windows-Sysmon
MachineName  : labwin
Message      : Dns query:
               RuleName: -
               UtcTime: 2026-07-01 07:41:58.103
               ProcessGuid: {55857b6a-c19b-6a44-2101-000000000c00}
               ProcessId: 1708
               QueryName: www.example.com
               QueryStatus: 1460
               QueryResults: -
               Image: C:\Windows\System32\WindowsPowerShell\v1.0\powershell.exe
               User: labwin\jjstestal

TimeCreated  : 01/07/2026 9:42:00
Id           : 11
ProviderName : Microsoft-Windows-Sysmon
MachineName  : labwin
Message      : File created:
               RuleName: -
               UtcTime: 2026-07-01 07:42:00.805
               ProcessGuid: {55857b6a-c19b-6a44-2101-000000000c00}
               ProcessId: 1708
               Image: C:\WINDOWS\System32\WindowsPowerShell\v1.0\powershell.exe
               TargetFilename: C:\TFM_Triage\reports\fase4_S7_dns_example.txt
               CreationUtcTime: 2026-07-01 07:42:00.805
               User: labwin\jjstestal

TimeCreated  : 01/07/2026 9:42:00
Id           : 1
ProviderName : Microsoft-Windows-Sysmon
MachineName  : labwin
Message      : Process Create:
               RuleName: -
               UtcTime: 2026-07-01 07:42:00.658
               ProcessGuid: {55857b6a-c4c8-6a44-a101-000000000c00}
               ProcessId: 4000
               Image: C:\Windows\System32\svchost.exe
               FileVersion: 10.0.26100.8521 (WinBuild.160101.0800)
               Description: Host Process for Windows Services
               Product: Microsoft® Windows® Operating System
               Company: Microsoft Corporation
               OriginalFileName: svchost.exe
               CommandLine: C:\WINDOWS\System32\svchost.exe -k netsvcs -p -s NetSetupSvc
               CurrentDirectory: C:\WINDOWS\system32\
               User: NT AUTHORITY\SYSTEM
               LogonGuid: {55857b6a-c0f4-6a44-e703-000000000000}
               LogonId: 0x3E7
               TerminalSessionId: 0
               IntegrityLevel: System
               Hashes: SHA256=2178F1915F740CCE64040107CD489E9E1FF828A7EA29CD706BC46BA0FBAA69C4,IMPHAS
               H=DE43BD45CC98C143357416C7519ECCFD
               ParentProcessGuid: {00000000-0000-0000-0000-000000000000}
               ParentProcessId: 928
               ParentImage: -
               ParentCommandLine: -
               ParentUser: -

TimeCreated  : 01/07/2026 9:42:00
Id           : 1
ProviderName : Microsoft-Windows-Sysmon
MachineName  : labwin
Message      : Process Create:
               RuleName: -
               UtcTime: 2026-07-01 07:42:00.581
               ProcessGuid: {55857b6a-c4c8-6a44-a001-000000000c00}
               ProcessId: 14116
               Image: C:\Windows\System32\wbem\WmiPrvSE.exe
               FileVersion: 10.0.26100.8521 (WinBuild.160101.0800)
               Description: WMI Provider Host
               Product: Microsoft® Windows® Operating System
               Company: Microsoft Corporation
               OriginalFileName: Wmiprvse.exe
               CommandLine: C:\WINDOWS\system32\wbem\wmiprvse.exe -secured -Embedding
               CurrentDirectory: C:\WINDOWS\system32\
               User: NT AUTHORITY\SERVICIO LOCAL
               LogonGuid: {55857b6a-c0f5-6a44-e503-000000000000}
               LogonId: 0x3E5
               TerminalSessionId: 0
               IntegrityLevel: System
               Hashes: SHA256=6A94D40BF022871C2C91EF67B60CCF42814447FC6090C96509A8EE94A11C5212,IMPHAS
               H=9B12E09D30AA8E8200298E4737C9F1FC
               ParentProcessGuid: {00000000-0000-0000-0000-000000000000}
               ParentProcessId: 520
               ParentImage: -
               ParentCommandLine: -
               ParentUser: -

TimeCreated  : 01/07/2026 9:42:00
Id           : 22
ProviderName : Microsoft-Windows-Sysmon
MachineName  : labwin
Message      : Dns query:
               RuleName: -
               UtcTime: 2026-07-01 07:41:58.085
               ProcessGuid: {55857b6a-c19b-6a44-2101-000000000c00}
               ProcessId: 1708
               QueryName: www.example.com
               QueryStatus: 0
               QueryResults: 2606:4700:10::6814:179a;2606:4700:10::ac42:93f3;::ffff:172.66.147.243;::
               ffff:104.20.23.154;
               Image: C:\Windows\System32\WindowsPowerShell\v1.0\powershell.exe
               User: labwin\jjstestal

TimeCreated  : 01/07/2026 9:42:00
Id           : 22
ProviderName : Microsoft-Windows-Sysmon
MachineName  : labwin
Message      : Dns query:
               RuleName: -
               UtcTime: 2026-07-01 07:41:57.786
               ProcessGuid: {55857b6a-c19b-6a44-2101-000000000c00}
               ProcessId: 1708
               QueryName: www.example.com
               QueryStatus: 0
               QueryResults: 2606:4700:10::6814:179a;2606:4700:10::ac42:93f3;::ffff:104.20.23.154;::f
               fff:172.66.147.243;
               Image: C:\Windows\System32\WindowsPowerShell\v1.0\powershell.exe
               User: labwin\jjstestal

TimeCreated  : 01/07/2026 9:41:59
Id           : 3
ProviderName : Microsoft-Windows-Sysmon
MachineName  : labwin
Message      : Network connection detected:
               RuleName: -
               UtcTime: 2026-07-01 07:41:57.692
               ProcessGuid: {55857b6a-c0f5-6a44-2d00-000000000c00}
               ProcessId: 2264
               Image: C:\Windows\System32\svchost.exe
               User: NT AUTHORITY\Servicio de red
               Protocol: udp
               Initiated: true
               SourceIsIpv6: false
               SourceIp: 10.0.2.15
               SourceHostname: labwin.XCORP.almendralejo.es
               SourcePort: 61343
               SourcePortName: -
               DestinationIsIpv6: false
               DestinationIp: 10.100.15.20
               DestinationHostname: astapor.corp.almendralejo.es
               DestinationPort: 53
               DestinationPortName: domain

TimeCreated  : 01/07/2026 9:41:59
Id           : 3
ProviderName : Microsoft-Windows-Sysmon
MachineName  : labwin
Message      : Network connection detected:
               RuleName: -
               UtcTime: 2026-07-01 07:41:57.444
               ProcessGuid: {55857b6a-c19b-6a44-2101-000000000c00}
               ProcessId: 1708
               Image: C:\Windows\System32\WindowsPowerShell\v1.0\powershell.exe
               User: labwin\jjstestal
               Protocol: tcp
               Initiated: true
               SourceIsIpv6: false
               SourceIp: 10.0.2.15
               SourceHostname: labwin.XCORP.almendralejo.es
               SourcePort: 64043
               SourcePortName: -
               DestinationIsIpv6: false
               DestinationIp: 104.20.23.154
               DestinationHostname: -
               DestinationPort: 80
               DestinationPortName: http

TimeCreated  : 01/07/2026 9:41:58
Id           : 3
ProviderName : Microsoft-Windows-Sysmon
MachineName  : labwin
Message      : Network connection detected:
               RuleName: -
               UtcTime: 2026-07-01 07:41:55.929
               ProcessGuid: {55857b6a-c0f6-6a44-4200-000000000c00}
               ProcessId: 3420
               Image: C:\ProgramData\Microsoft\Windows 
               Defender\Platform\4.18.26050.15-0\MpDefenderCoreService.exe
               User: NT AUTHORITY\SYSTEM
               Protocol: tcp
               Initiated: true
               SourceIsIpv6: false
               SourceIp: 10.0.2.15
               SourceHostname: labwin.XCORP.almendralejo.es
               SourcePort: 64042
               SourcePortName: -
               DestinationIsIpv6: false
               DestinationIp: 52.123.131.14
               DestinationHostname: -
               DestinationPort: 443
               DestinationPortName: https

TimeCreated  : 01/07/2026 9:41:58
Id           : 11
ProviderName : Microsoft-Windows-Sysmon
MachineName  : labwin
Message      : File created:
               RuleName: -
               UtcTime: 2026-07-01 07:41:58.250
               ProcessGuid: {55857b6a-c19b-6a44-2101-000000000c00}
               ProcessId: 1708
               Image: C:\WINDOWS\System32\WindowsPowerShell\v1.0\powershell.exe
               TargetFilename: C:\TFM_Triage\reports\fase4_S7_test_example_80.txt
               CreationUtcTime: 2026-07-01 07:41:58.250
               User: labwin\jjstestal

TimeCreated  : 01/07/2026 9:41:49
Id           : 5
ProviderName : Microsoft-Windows-Sysmon
MachineName  : labwin
Message      : Process terminated:
               RuleName: -
               UtcTime: 2026-07-01 07:41:49.552
               ProcessGuid: {55857b6a-c47a-6a44-9201-000000000c00}
               ProcessId: 13468
               Image: C:\Windows\UUS\amd64\MoUsoCoreWorker.exe
               User: NT AUTHORITY\SYSTEM

TimeCreated  : 01/07/2026 9:41:45
Id           : 5
ProviderName : Microsoft-Windows-Sysmon
MachineName  : labwin
Message      : Process terminated:
               RuleName: -
               UtcTime: 2026-07-01 07:41:45.628
               ProcessGuid: {55857b6a-c47a-6a44-9301-000000000c00}
               ProcessId: 12624
               Image: C:\Windows\System32\svchost.exe
               User: NT AUTHORITY\SYSTEM

TimeCreated  : 01/07/2026 9:41:40
Id           : 11
ProviderName : Microsoft-Windows-Sysmon
MachineName  : labwin
Message      : File created:
               RuleName: -
               UtcTime: 2026-07-01 07:41:40.180
               ProcessGuid: {55857b6a-c19b-6a44-2101-000000000c00}
               ProcessId: 1708
               Image: C:\WINDOWS\System32\WindowsPowerShell\v1.0\powershell.exe
               TargetFilename: C:\TFM_Triage\reports\fase4_S6_startup_folder.txt
               CreationUtcTime: 2026-07-01 07:41:40.180
               User: labwin\jjstestal

TimeCreated  : 01/07/2026 9:41:35
Id           : 11
ProviderName : Microsoft-Windows-Sysmon
MachineName  : labwin
Message      : File created:
               RuleName: -
               UtcTime: 2026-07-01 07:41:35.473
               ProcessGuid: {55857b6a-c19b-6a44-2101-000000000c00}
               ProcessId: 1708
               Image: C:\WINDOWS\System32\WindowsPowerShell\v1.0\powershell.exe
               TargetFilename: C:\TFM_Triage\reports\fase4_S6_startup_file_info.txt
               CreationUtcTime: 2026-07-01 07:41:35.472
               User: labwin\jjstestal

TimeCreated  : 01/07/2026 9:41:35
Id           : 11
ProviderName : Microsoft-Windows-Sysmon
MachineName  : labwin
Message      : File created:
               RuleName: -
               UtcTime: 2026-07-01 07:41:35.449
               ProcessGuid: {55857b6a-c19b-6a44-2101-000000000c00}
               ProcessId: 1708
               Image: C:\WINDOWS\System32\WindowsPowerShell\v1.0\powershell.exe
               TargetFilename: C:\Users\jjstestal\AppData\Roaming\Microsoft\Windows\Start 
               Menu\Programs\Startup\tfm_startup_test.bat
               CreationUtcTime: 2026-07-01 07:41:35.449
               User: labwin\jjstestal

TimeCreated  : 01/07/2026 9:41:26
Id           : 5
ProviderName : Microsoft-Windows-Sysmon
MachineName  : labwin
Message      : Process terminated:
               RuleName: -
               UtcTime: 2026-07-01 07:41:26.395
               ProcessGuid: {55857b6a-c2c6-6a44-5101-000000000c00}
               ProcessId: 9988
               Image: C:\Windows\System32\svchost.exe
               User: NT AUTHORITY\SERVICIO LOCAL

TimeCreated  : 01/07/2026 9:41:17
Id           : 5
ProviderName : Microsoft-Windows-Sysmon
MachineName  : labwin
Message      : Process terminated:
               RuleName: -
               UtcTime: 2026-07-01 07:41:17.608
               ProcessGuid: {55857b6a-c47d-6a44-9b01-000000000c00}
               ProcessId: 12432
               Image: C:\Windows\System32\sppsvc.exe
               User: NT AUTHORITY\Servicio de red

TimeCreated  : 01/07/2026 9:41:05
Id           : 5
ProviderName : Microsoft-Windows-Sysmon
MachineName  : labwin
Message      : Process terminated:
               RuleName: -
               UtcTime: 2026-07-01 07:41:05.821
               ProcessGuid: {55857b6a-c488-6a44-9f01-000000000c00}
               ProcessId: 14040
               Image: C:\Windows\System32\PickerHost.exe
               User: labwin\jjstestal

TimeCreated  : 01/07/2026 9:41:05
Id           : 11
ProviderName : Microsoft-Windows-Sysmon
MachineName  : labwin
Message      : File created:
               RuleName: -
               UtcTime: 2026-07-01 07:41:05.817
               ProcessGuid: {55857b6a-c412-6a44-8b01-000000000c00}
               ProcessId: 3068
               Image: C:\Program Files\WindowsApps\Microsoft.ScreenSketch_11.2510.31.0_x64__8wekyb3d8
               bbwe\SnippingTool\SnippingTool.exe
               TargetFilename: C:\TFM_Triage\screenshots\fase4_servicio_prueba.png
               CreationUtcTime: 2026-07-01 07:41:05.772
               User: labwin\jjstestal

TimeCreated  : 01/07/2026 9:41:05
Id           : 11
ProviderName : Microsoft-Windows-Sysmon
MachineName  : labwin
Message      : File created:
               RuleName: -
               UtcTime: 2026-07-01 07:41:05.812
               ProcessGuid: {55857b6a-c488-6a44-9f01-000000000c00}
               ProcessId: 14040
               Image: C:\Windows\System32\PickerHost.exe
               TargetFilename: C:\TFM_Triage\screenshots\fase4_servicio_prueba.png
               CreationUtcTime: 2026-07-01 07:41:05.772
               User: labwin\jjstestal

TimeCreated  : 01/07/2026 9:41:05
Id           : 11
ProviderName : Microsoft-Windows-Sysmon
MachineName  : labwin
Message      : File created:
               RuleName: -
               UtcTime: 2026-07-01 07:41:05.799
               ProcessGuid: {55857b6a-c0f8-6a44-7200-000000000c00}
               ProcessId: 4596
               Image: C:\WINDOWS\Explorer.EXE
               TargetFilename: 
               C:\Users\jjstestal\AppData\Roaming\Microsoft\Windows\Recent\screenshots.lnk
               CreationUtcTime: 2026-06-30 10:52:59.323
               User: labwin\jjstestal

TimeCreated  : 01/07/2026 9:41:05
Id           : 11
ProviderName : Microsoft-Windows-Sysmon
MachineName  : labwin
Message      : File created:
               RuleName: -
               UtcTime: 2026-07-01 07:41:05.791
               ProcessGuid: {55857b6a-c0f8-6a44-7200-000000000c00}
               ProcessId: 4596
               Image: C:\WINDOWS\Explorer.EXE
               TargetFilename: 
               C:\Users\jjstestal\AppData\Roaming\Microsoft\Windows\Recent\fase4_servicio_prueba.lnk
               CreationUtcTime: 2026-07-01 07:41:05.791
               User: labwin\jjstestal

TimeCreated  : 01/07/2026 9:41:05
Id           : 11
ProviderName : Microsoft-Windows-Sysmon
MachineName  : labwin
Message      : File created:
               RuleName: -
               UtcTime: 2026-07-01 07:41:05.772
               ProcessGuid: {55857b6a-c488-6a44-9f01-000000000c00}
               ProcessId: 14040
               Image: C:\Windows\System32\PickerHost.exe
               TargetFilename: C:\TFM_Triage\screenshots\fase4_servicio_prueba.png
               CreationUtcTime: 2026-07-01 07:41:05.772
               User: labwin\jjstestal

TimeCreated  : 01/07/2026 9:40:56
Id           : 7
ProviderName : Microsoft-Windows-Sysmon
MachineName  : labwin
Message      : Image loaded:
               RuleName: -
               UtcTime: 2026-07-01 07:40:56.286
               ProcessGuid: {55857b6a-c488-6a44-9f01-000000000c00}
               ProcessId: 14040
               Image: C:\Windows\System32\PickerHost.exe
               ImageLoaded: C:\Users\jjstestal\AppData\Local\Microsoft\OneDrive\26.106.0603.0003\File
               SyncShell64.dll
               FileVersion: 26.106.0603.0003
               Description: Microsoft OneDrive Shell Extension
               Product: Microsoft OneDrive
               Company: Microsoft Corporation
               OriginalFileName: FileSyncShell64.dll
               Hashes: SHA256=FAA25B7F64432B486D64C35100219205F1B539D5EAFB9C8BB420D31CD5B78885,IMPHAS
               H=5231548F3E2EC418E4008247EAC6213F
               Signed: true
               Signature: Microsoft Corporation
               SignatureStatus: Valid
               User: labwin\jjstestal

TimeCreated  : 01/07/2026 9:40:56
Id           : 1
ProviderName : Microsoft-Windows-Sysmon
MachineName  : labwin
Message      : Process Create:
               RuleName: -
               UtcTime: 2026-07-01 07:40:56.088
               ProcessGuid: {55857b6a-c488-6a44-9f01-000000000c00}
               ProcessId: 14040
               Image: C:\Windows\System32\PickerHost.exe
               FileVersion: 10.0.26100.8521 (WinBuild.160101.0800)
               Description: File Picker UI Host
               Product: Microsoft® Windows® Operating System
               Company: Microsoft Corporation
               OriginalFileName: PickerHost.exe
               CommandLine: C:\Windows\System32\PickerHost.exe -Embedding
               CurrentDirectory: C:\WINDOWS\system32\
               User: labwin\jjstestal
               LogonGuid: {55857b6a-c0f8-6a44-b504-060000000000}
               LogonId: 0x604B5
               TerminalSessionId: 1
               IntegrityLevel: Medium
               Hashes: SHA256=5C864036D7B180C70CDAEB75E932119369838DC694EC025AFDAAAEF4FB0BADB6,IMPHAS
               H=A29C838752203A952CED99FCD67FC0FE
               ParentProcessGuid: {00000000-0000-0000-0000-000000000000}
               ParentProcessId: 520
               ParentImage: -
               ParentCommandLine: -
               ParentUser: -

TimeCreated  : 01/07/2026 9:40:53
Id           : 3
ProviderName : Microsoft-Windows-Sysmon
MachineName  : labwin
Message      : Network connection detected:
               RuleName: -
               UtcTime: 2026-07-01 07:40:50.237
               ProcessGuid: {55857b6a-c0f6-6a44-3e00-000000000c00}
               ProcessId: 3324
               Image: C:\Windows\System32\svchost.exe
               User: NT AUTHORITY\SYSTEM
               Protocol: tcp
               Initiated: true
               SourceIsIpv6: false
               SourceIp: 10.0.2.15
               SourceHostname: labwin.XCORP.almendralejo.es
               SourcePort: 64041
               SourcePortName: -
               DestinationIsIpv6: false
               DestinationIp: 20.42.65.91
               DestinationHostname: -
               DestinationPort: 443
               DestinationPortName: https

TimeCreated  : 01/07/2026 9:40:52
Id           : 22
ProviderName : Microsoft-Windows-Sysmon
MachineName  : labwin
Message      : Dns query:
               RuleName: -
               UtcTime: 2026-07-01 07:40:49.671
               ProcessGuid: {55857b6a-c0f6-6a44-4400-000000000c00}
               ProcessId: 3444
               QueryName: 91.65.42.20.in-addr.arpa.
               QueryStatus: 9003
               QueryResults: -
               Image: C:\Windows\Sysmon64.exe
               User: NT AUTHORITY\SYSTEM

TimeCreated  : 01/07/2026 9:40:52
Id           : 22
ProviderName : Microsoft-Windows-Sysmon
MachineName  : labwin
Message      : Dns query:
               RuleName: -
               UtcTime: 2026-07-01 07:40:49.671
               ProcessGuid: {55857b6a-c0f6-6a44-4400-000000000c00}
               ProcessId: 3444
               QueryName: 135.95.233.135.in-addr.arpa.
               QueryStatus: 9003
               QueryResults: -
               Image: C:\Windows\Sysmon64.exe
               User: NT AUTHORITY\SYSTEM

TimeCreated  : 01/07/2026 9:40:50
Id           : 3
ProviderName : Microsoft-Windows-Sysmon
MachineName  : labwin
Message      : Network connection detected:
               RuleName: -
               UtcTime: 2026-07-01 07:40:47.813
               ProcessGuid: {55857b6a-c0f6-6a44-3e00-000000000c00}
               ProcessId: 3324
               Image: C:\Windows\System32\svchost.exe
               User: NT AUTHORITY\SYSTEM
               Protocol: tcp
               Initiated: true
               SourceIsIpv6: false
               SourceIp: 10.0.2.15
               SourceHostname: labwin.XCORP.almendralejo.es
               SourcePort: 64040
               SourcePortName: -
               DestinationIsIpv6: false
               DestinationIp: 20.42.65.91
               DestinationHostname: -
               DestinationPort: 443
               DestinationPortName: https

TimeCreated  : 01/07/2026 9:40:50
Id           : 3
ProviderName : Microsoft-Windows-Sysmon
MachineName  : labwin
Message      : Network connection detected:
               RuleName: -
               UtcTime: 2026-07-01 07:40:47.684
               ProcessGuid: {55857b6a-c0f5-6a44-2d00-000000000c00}
               ProcessId: 2264
               Image: C:\Windows\System32\svchost.exe
               User: NT AUTHORITY\Servicio de red
               Protocol: udp
               Initiated: true
               SourceIsIpv6: false
               SourceIp: 10.0.2.15
               SourceHostname: labwin.XCORP.almendralejo.es
               SourcePort: 61343
               SourcePortName: -
               DestinationIsIpv6: false
               DestinationIp: 10.100.15.20
               DestinationHostname: astapor.corp.almendralejo.es
               DestinationPort: 53
               DestinationPortName: domain

TimeCreated  : 01/07/2026 9:40:50
Id           : 3
ProviderName : Microsoft-Windows-Sysmon
MachineName  : labwin
Message      : Network connection detected:
               RuleName: -
               UtcTime: 2026-07-01 07:40:47.262
               ProcessGuid: {55857b6a-c0f5-6a44-2d00-000000000c00}
               ProcessId: 2264
               Image: C:\Windows\System32\svchost.exe
               User: NT AUTHORITY\Servicio de red
               Protocol: udp
               Initiated: true
               SourceIsIpv6: false
               SourceIp: 10.0.2.15
               SourceHostname: labwin.XCORP.almendralejo.es
               SourcePort: 60819
               SourcePortName: -
               DestinationIsIpv6: false
               DestinationIp: 10.100.16.82
               DestinationHostname: volantis.corp.almendralejo.es
               DestinationPort: 53
               DestinationPortName: domain

TimeCreated  : 01/07/2026 9:40:50
Id           : 3
ProviderName : Microsoft-Windows-Sysmon
MachineName  : labwin
Message      : Network connection detected:
               RuleName: -
               UtcTime: 2026-07-01 07:40:46.925
               ProcessGuid: {55857b6a-c111-6a44-d900-000000000c00}
               ProcessId: 14124
               Image: C:\Windows\System32\svchost.exe
               User: NT AUTHORITY\SYSTEM
               Protocol: tcp
               Initiated: true
               SourceIsIpv6: false
               SourceIp: 10.0.2.15
               SourceHostname: labwin.XCORP.almendralejo.es
               SourcePort: 64039
               SourcePortName: -
               DestinationIsIpv6: false
               DestinationIp: 135.233.95.135
               DestinationHostname: -
               DestinationPort: 443
               DestinationPortName: https

TimeCreated  : 01/07/2026 9:40:50
Id           : 22
ProviderName : Microsoft-Windows-Sysmon
MachineName  : labwin
Message      : Dns query:
               RuleName: -
               UtcTime: 2026-07-01 07:40:48.110
               ProcessGuid: {55857b6a-c0f6-6a44-3e00-000000000c00}
               ProcessId: 3324
               QueryName: v10.events.data.microsoft.com
               QueryStatus: 0
               QueryResults: type: 5 win-global-asimov-leafs-events-data.trafficmanager.net;type: 5 
               onedscolprdeus17.eastus.cloudapp.azure.com;::ffff:20.42.65.91;
               Image: C:\Windows\System32\svchost.exe
               User: NT AUTHORITY\SYSTEM

TimeCreated  : 01/07/2026 9:40:50
Id           : 22
ProviderName : Microsoft-Windows-Sysmon
MachineName  : labwin
Message      : Dns query:
               RuleName: -
               UtcTime: 2026-07-01 07:40:47.657
               ProcessGuid: {55857b6a-c0f6-6a44-4400-000000000c00}
               ProcessId: 3444
               QueryName: 211.128.18.135.in-addr.arpa.
               QueryStatus: 9003
               QueryResults: -
               Image: C:\Windows\Sysmon64.exe
               User: NT AUTHORITY\SYSTEM

TimeCreated  : 01/07/2026 9:40:50
Id           : 22
ProviderName : Microsoft-Windows-Sysmon
MachineName  : labwin
Message      : Dns query:
               RuleName: -
               UtcTime: 2026-07-01 07:40:47.177
               ProcessGuid: {55857b6a-c111-6a44-d900-000000000c00}
               ProcessId: 14124
               QueryName: tas02.cws.update.microsoft.com
               QueryStatus: 0
               QueryResults: type: 5 glb.tas02.cws-prod.dcat.dsp.mp.microsoft.com;type: 5 
               glb.cws.prod.dcat.dsp.trafficmanager.net;2603:1030:10:12::2fe;::ffff:135.233.95.135;
               Image: C:\Windows\System32\svchost.exe
               User: NT AUTHORITY\SYSTEM

TimeCreated  : 01/07/2026 9:40:49
Id           : 3
ProviderName : Microsoft-Windows-Sysmon
MachineName  : labwin
Message      : Network connection detected:
               RuleName: -
               UtcTime: 2026-07-01 07:40:45.718
               ProcessGuid: {55857b6a-c47a-6a44-9201-000000000c00}
               ProcessId: 13468
               Image: C:\Windows\UUS\amd64\MoUsoCoreWorker.exe
               User: NT AUTHORITY\SYSTEM
               Protocol: tcp
               Initiated: true
               SourceIsIpv6: false
               SourceIp: 10.0.2.15
               SourceHostname: labwin.XCORP.almendralejo.es
               SourcePort: 64038
               SourcePortName: -
               DestinationIsIpv6: false
               DestinationIp: 48.209.138.168
               DestinationHostname: -
               DestinationPort: 443
               DestinationPortName: https

TimeCreated  : 01/07/2026 9:40:48
Id           : 5
ProviderName : Microsoft-Windows-Sysmon
MachineName  : labwin
Message      : Process terminated:
               RuleName: -
               UtcTime: 2026-07-01 07:40:48.562
               ProcessGuid: {55857b6a-c480-6a44-9e01-000000000c00}
               ProcessId: 5660
               Image: C:\Windows\System32\svchost.exe
               User: labwin\jjstestal

