TimeCreated  : 01/07/2026 9:40:48
Id           : 1
ProviderName : Microsoft-Windows-Sysmon
MachineName  : labwin
Message      : Process Create:
               RuleName: -
               UtcTime: 2026-07-01 07:40:48.481
               ProcessGuid: {55857b6a-c480-6a44-9e01-000000000c00}
               ProcessId: 5660
               Image: C:\Windows\System32\svchost.exe
               FileVersion: 10.0.26100.8521 (WinBuild.160101.0800)
               Description: Host Process for Windows Services
               Product: Microsoft® Windows® Operating System
               Company: Microsoft Corporation
               OriginalFileName: svchost.exe
               CommandLine: C:\WINDOWS\system32\svchost.exe -k LocalService -p -s CaptureService
               CurrentDirectory: C:\WINDOWS\system32\
               User: labwin\jjstestal
               LogonGuid: {55857b6a-c0f8-6a44-b504-060000000000}
               LogonId: 0x604B5
               TerminalSessionId: 1
               IntegrityLevel: Medium
               Hashes: SHA256=2178F1915F740CCE64040107CD489E9E1FF828A7EA29CD706BC46BA0FBAA69C4,IMPHAS
               H=DE43BD45CC98C143357416C7519ECCFD
               ParentProcessGuid: {00000000-0000-0000-0000-000000000000}
               ParentProcessId: 928
               ParentImage: -
               ParentCommandLine: -
               ParentUser: -

TimeCreated  : 01/07/2026 9:40:48
Id           : 3
ProviderName : Microsoft-Windows-Sysmon
MachineName  : labwin
Message      : Network connection detected:
               RuleName: -
               UtcTime: 2026-07-01 07:40:45.416
               ProcessGuid: {55857b6a-c111-6a44-d900-000000000c00}
               ProcessId: 14124
               Image: C:\Windows\System32\svchost.exe
               User: NT AUTHORITY\SYSTEM
               Protocol: tcp
               Initiated: true
               SourceIsIpv6: false
               SourceIp: 10.0.2.15
               SourceHostname: labwin.XCORP.almendralejo.es
               SourcePort: 64037
               SourcePortName: -
               DestinationIsIpv6: false
               DestinationIp: 135.18.128.211
               DestinationHostname: -
               DestinationPort: 443
               DestinationPortName: https

TimeCreated  : 01/07/2026 9:40:48
Id           : 3
ProviderName : Microsoft-Windows-Sysmon
MachineName  : labwin
Message      : Network connection detected:
               RuleName: -
               UtcTime: 2026-07-01 07:40:45.312
               ProcessGuid: {55857b6a-c0f5-6a44-2d00-000000000c00}
               ProcessId: 2264
               Image: C:\Windows\System32\svchost.exe
               User: NT AUTHORITY\Servicio de red
               Protocol: udp
               Initiated: false
               SourceIsIpv6: false
               SourceIp: 10.0.2.15
               SourceHostname: labwin.XCORP.almendralejo.es
               SourcePort: 54284
               SourcePortName: -
               DestinationIsIpv6: false
               DestinationIp: 10.100.15.20
               DestinationHostname: astapor.corp.almendralejo.es
               DestinationPort: 53
               DestinationPortName: domain

TimeCreated  : 01/07/2026 9:40:48
Id           : 3
ProviderName : Microsoft-Windows-Sysmon
MachineName  : labwin
Message      : Network connection detected:
               RuleName: -
               UtcTime: 2026-07-01 07:40:45.312
               ProcessGuid: {55857b6a-c0f5-6a44-2d00-000000000c00}
               ProcessId: 2264
               Image: C:\Windows\System32\svchost.exe
               User: NT AUTHORITY\Servicio de red
               Protocol: udp
               Initiated: false
               SourceIsIpv6: false
               SourceIp: 10.0.2.15
               SourceHostname: labwin.XCORP.almendralejo.es
               SourcePort: 60819
               SourcePortName: -
               DestinationIsIpv6: false
               DestinationIp: 10.100.15.20
               DestinationHostname: astapor.corp.almendralejo.es
               DestinationPort: 53
               DestinationPortName: domain

TimeCreated  : 01/07/2026 9:40:48
Id           : 3
ProviderName : Microsoft-Windows-Sysmon
MachineName  : labwin
Message      : Network connection detected:
               RuleName: -
               UtcTime: 2026-07-01 07:40:45.272
               ProcessGuid: {00000000-0000-0000-0000-000000000000}
               ProcessId: 14608
               Image: <unknown process>
               User: -
               Protocol: tcp
               Initiated: true
               SourceIsIpv6: false
               SourceIp: 10.0.2.15
               SourceHostname: labwin.XCORP.almendralejo.es
               SourcePort: 64035
               SourcePortName: -
               DestinationIsIpv6: false
               DestinationIp: 48.209.138.168
               DestinationHostname: -
               DestinationPort: 443
               DestinationPortName: https

TimeCreated  : 01/07/2026 9:40:48
Id           : 3
ProviderName : Microsoft-Windows-Sysmon
MachineName  : labwin
Message      : Network connection detected:
               RuleName: -
               UtcTime: 2026-07-01 07:40:45.272
               ProcessGuid: {55857b6a-c47a-6a44-9201-000000000c00}
               ProcessId: 13468
               Image: C:\Windows\UUS\amd64\MoUsoCoreWorker.exe
               User: NT AUTHORITY\SYSTEM
               Protocol: tcp
               Initiated: true
               SourceIsIpv6: false
               SourceIp: 10.0.2.15
               SourceHostname: labwin.XCORP.almendralejo.es
               SourcePort: 64036
               SourcePortName: -
               DestinationIsIpv6: false
               DestinationIp: 48.209.138.168
               DestinationHostname: -
               DestinationPort: 443
               DestinationPortName: https

TimeCreated  : 01/07/2026 9:40:48
Id           : 3
ProviderName : Microsoft-Windows-Sysmon
MachineName  : labwin
Message      : Network connection detected:
               RuleName: -
               UtcTime: 2026-07-01 07:40:45.209
               ProcessGuid: {55857b6a-c0f5-6a44-2d00-000000000c00}
               ProcessId: 2264
               Image: C:\Windows\System32\svchost.exe
               User: NT AUTHORITY\Servicio de red
               Protocol: udp
               Initiated: true
               SourceIsIpv6: false
               SourceIp: 10.0.2.15
               SourceHostname: labwin.XCORP.almendralejo.es
               SourcePort: 54284
               SourcePortName: -
               DestinationIsIpv6: false
               DestinationIp: 10.100.15.20
               DestinationHostname: astapor.corp.almendralejo.es
               DestinationPort: 53
               DestinationPortName: domain

TimeCreated  : 01/07/2026 9:40:48
Id           : 22
ProviderName : Microsoft-Windows-Sysmon
MachineName  : labwin
Message      : Dns query:
               RuleName: -
               UtcTime: 2026-07-01 07:40:45.705
               ProcessGuid: {55857b6a-c111-6a44-d900-000000000c00}
               ProcessId: 14124
               QueryName: fe2cr.update.microsoft.com
               QueryStatus: 0
               QueryResults: type: 5 fe2cr.update.msft.com.trafficmanager.net;2603:1030:608:c::372;26
               03:1030:608:c::371;::ffff:135.18.128.211;::ffff:134.33.4.16;
               Image: C:\Windows\System32\svchost.exe
               User: NT AUTHORITY\SYSTEM

TimeCreated  : 01/07/2026 9:40:48
Id           : 22
ProviderName : Microsoft-Windows-Sysmon
MachineName  : labwin
Message      : Dns query:
               RuleName: -
               UtcTime: 2026-07-01 07:40:45.621
               ProcessGuid: {55857b6a-c47d-6a44-9a01-000000000c00}
               ProcessId: 14608
               QueryName: settings-win.data.microsoft.com
               QueryStatus: 0
               QueryResults: type: 5 atm-settingsfe-prod-geo2.trafficmanager.net;type: 5 
               settings-prod-neu-3-tagged.northeurope.cloudapp.azure.com;::ffff:48.209.138.168;
               Image: C:\Windows\System32\taskhostw.exe
               User: NT AUTHORITY\SYSTEM

TimeCreated  : 01/07/2026 9:40:48
Id           : 22
ProviderName : Microsoft-Windows-Sysmon
MachineName  : labwin
Message      : Dns query:
               RuleName: -
               UtcTime: 2026-07-01 07:40:45.621
               ProcessGuid: {55857b6a-c47a-6a44-9201-000000000c00}
               ProcessId: 13468
               QueryName: settings-win.data.microsoft.com
               QueryStatus: 0
               QueryResults: type: 5 atm-settingsfe-prod-geo2.trafficmanager.net;type: 5 
               settings-prod-neu-3-tagged.northeurope.cloudapp.azure.com;::ffff:48.209.138.168;
               Image: C:\Windows\UUS\amd64\MoUsoCoreWorker.exe
               User: NT AUTHORITY\SYSTEM

TimeCreated  : 01/07/2026 9:40:46
Id           : 11
ProviderName : Microsoft-Windows-Sysmon
MachineName  : labwin
Message      : File created:
               RuleName: -
               UtcTime: 2026-07-01 07:40:46.486
               ProcessGuid: {55857b6a-c3fc-6a44-8701-000000000c00}
               ProcessId: 10320
               Image: C:\Program Files\Sublime Text\sublime_text.exe
               TargetFilename: C:\Users\jjstestal\AppData\Roaming\Sublime Text\Local\Auto Save Temp 
               Session.sublime_session.tmp
               CreationUtcTime: 2026-07-01 07:40:46.486
               User: labwin\jjstestal

TimeCreated  : 01/07/2026 9:40:46
Id           : 5
ProviderName : Microsoft-Windows-Sysmon
MachineName  : labwin
Message      : Process terminated:
               RuleName: -
               UtcTime: 2026-07-01 07:40:46.423
               ProcessGuid: {55857b6a-c47d-6a44-9a01-000000000c00}
               ProcessId: 14608
               Image: C:\Windows\System32\taskhostw.exe
               User: NT AUTHORITY\SYSTEM

TimeCreated  : 01/07/2026 9:40:46
Id           : 1
ProviderName : Microsoft-Windows-Sysmon
MachineName  : labwin
Message      : Process Create:
               RuleName: -
               UtcTime: 2026-07-01 07:40:46.072
               ProcessGuid: {55857b6a-c47e-6a44-9d01-000000000c00}
               ProcessId: 12932
               Image: C:\Windows\WinSxS\amd64_microsoft-windows-servicingstack_31bf3856ad364e35_10.0.
               26100.8648_none_a50ef8e3775e8e5e\TiWorker.exe
               FileVersion: 10.0.26100.8648 (WinBuild.160101.0800)
               Description: Windows Modules Installer Worker
               Product: Microsoft® Windows® Operating System
               Company: Microsoft Corporation
               OriginalFileName: TiWorker.exe
               CommandLine: C:\WINDOWS\winsxs\amd64_microsoft-windows-servicingstack_31bf3856ad364e35
               _10.0.26100.8648_none_a50ef8e3775e8e5e\TiWorker.exe -Embedding
               CurrentDirectory: C:\WINDOWS\system32\
               User: NT AUTHORITY\SYSTEM
               LogonGuid: {55857b6a-c0f4-6a44-e703-000000000000}
               LogonId: 0x3E7
               TerminalSessionId: 0
               IntegrityLevel: System
               Hashes: SHA256=664DE9C1B24F96F8ED4DF7B73A670FF088CC24409C69CEB21C38CB80252CC705,IMPHAS
               H=C9E6F57BC9D443E5C445B53A709EE1DB
               ParentProcessGuid: {00000000-0000-0000-0000-000000000000}
               ParentProcessId: 520
               ParentImage: -
               ParentCommandLine: -
               ParentUser: -

TimeCreated  : 01/07/2026 9:40:46
Id           : 1
ProviderName : Microsoft-Windows-Sysmon
MachineName  : labwin
Message      : Process Create:
               RuleName: -
               UtcTime: 2026-07-01 07:40:46.054
               ProcessGuid: {55857b6a-c47e-6a44-9c01-000000000c00}
               ProcessId: 4240
               Image: C:\Windows\servicing\TrustedInstaller.exe
               FileVersion: 10.0.26100.8521 (WinBuild.160101.0800)
               Description: Windows Modules Installer
               Product: Microsoft® Windows® Operating System
               Company: Microsoft Corporation
               OriginalFileName: TrustedInstaller.exe
               CommandLine: C:\WINDOWS\servicing\TrustedInstaller.exe
               CurrentDirectory: C:\WINDOWS\system32\
               User: NT AUTHORITY\SYSTEM
               LogonGuid: {55857b6a-c0f4-6a44-e703-000000000000}
               LogonId: 0x3E7
               TerminalSessionId: 0
               IntegrityLevel: System
               Hashes: SHA256=37035861513074930B667817EA65B6FE88FDCC8289C3AB6A748625560F77E5AD,IMPHAS
               H=22DCF939E2A1BE6753041D36402498AC
               ParentProcessGuid: {00000000-0000-0000-0000-000000000000}
               ParentProcessId: 928
               ParentImage: -
               ParentCommandLine: -
               ParentUser: -

TimeCreated  : 01/07/2026 9:40:45
Id           : 1
ProviderName : Microsoft-Windows-Sysmon
MachineName  : labwin
Message      : Process Create:
               RuleName: -
               UtcTime: 2026-07-01 07:40:45.734
               ProcessGuid: {55857b6a-c47d-6a44-9b01-000000000c00}
               ProcessId: 12432
               Image: C:\Windows\System32\sppsvc.exe
               FileVersion: 10.0.26100.8655 (WinBuild.160101.0800)
               Description: Microsoft Software Protection Platform Service
               Product: Microsoft® Windows® Operating System
               Company: Microsoft Corporation
               OriginalFileName: sppsvc.exe
               CommandLine: C:\WINDOWS\system32\sppsvc.exe
               CurrentDirectory: C:\WINDOWS
               User: NT AUTHORITY\Servicio de red
               LogonGuid: {55857b6a-c0f5-6a44-e403-000000000000}
               LogonId: 0x3E4
               TerminalSessionId: 0
               IntegrityLevel: System
               Hashes: SHA256=DBC0A6FC05209FF05B60C1D127E7897555A3B314B448936D951A28244FC337B6,IMPHAS
               H=6A1CC13E54D1F32DE46043FCDF341B9B
               ParentProcessGuid: {00000000-0000-0000-0000-000000000000}
               ParentProcessId: 928
               ParentImage: -
               ParentCommandLine: -
               ParentUser: -

TimeCreated  : 01/07/2026 9:40:45
Id           : 3
ProviderName : Microsoft-Windows-Sysmon
MachineName  : labwin
Message      : Network connection detected:
               RuleName: -
               UtcTime: 2026-07-01 07:40:43.479
               ProcessGuid: {55857b6a-c0f6-6a44-4200-000000000c00}
               ProcessId: 3420
               Image: C:\ProgramData\Microsoft\Windows 
               Defender\Platform\4.18.26050.15-0\MpDefenderCoreService.exe
               User: NT AUTHORITY\SYSTEM
               Protocol: tcp
               Initiated: true
               SourceIsIpv6: false
               SourceIp: 10.0.2.15
               SourceHostname: labwin.XCORP.almendralejo.es
               SourcePort: 64034
               SourcePortName: -
               DestinationIsIpv6: false
               DestinationIp: 52.123.131.14
               DestinationHostname: -
               DestinationPort: 443
               DestinationPortName: https

TimeCreated  : 01/07/2026 9:40:45
Id           : 1
ProviderName : Microsoft-Windows-Sysmon
MachineName  : labwin
Message      : Process Create:
               RuleName: -
               UtcTime: 2026-07-01 07:40:45.570
               ProcessGuid: {55857b6a-c47d-6a44-9a01-000000000c00}
               ProcessId: 14608
               Image: C:\Windows\System32\taskhostw.exe
               FileVersion: 10.0.26100.8328 (WinBuild.160101.0800)
               Description: Host Process for Windows Tasks
               Product: Microsoft® Windows® Operating System
               Company: Microsoft Corporation
               OriginalFileName: taskhostw.exe
               CommandLine: taskhostw.exe
               CurrentDirectory: C:\WINDOWS\system32\
               User: NT AUTHORITY\SYSTEM
               LogonGuid: {55857b6a-c0f4-6a44-e703-000000000000}
               LogonId: 0x3E7
               TerminalSessionId: 0
               IntegrityLevel: System
               Hashes: SHA256=EA8D441DF237FB3D3B7A27A95FDE186E19C94D58A618F5C29ED5FC13CB155E96,IMPHAS
               H=2196268E7A2880E3ADC74481297D0C4B
               ParentProcessGuid: {00000000-0000-0000-0000-000000000000}
               ParentProcessId: 1544
               ParentImage: -
               ParentCommandLine: -
               ParentUser: -

TimeCreated  : 01/07/2026 9:40:45
Id           : 5
ProviderName : Microsoft-Windows-Sysmon
MachineName  : labwin
Message      : Process terminated:
               RuleName: -
               UtcTime: 2026-07-01 07:40:45.415
               ProcessGuid: {55857b6a-c47d-6a44-9901-000000000c00}
               ProcessId: 656
               Image: C:\Windows\System32\UsoClient.exe
               User: NT AUTHORITY\SYSTEM

TimeCreated  : 01/07/2026 9:40:45
Id           : 5
ProviderName : Microsoft-Windows-Sysmon
MachineName  : labwin
Message      : Process terminated:
               RuleName: -
               UtcTime: 2026-07-01 07:40:45.403
               ProcessGuid: {55857b6a-c135-6a44-e600-000000000c00}
               ProcessId: 15716
               Image: C:\Windows\System32\taskhostw.exe
               User: labwin\jjstestal

TimeCreated  : 01/07/2026 9:40:45
Id           : 1
ProviderName : Microsoft-Windows-Sysmon
MachineName  : labwin
Message      : Process Create:
               RuleName: -
               UtcTime: 2026-07-01 07:40:45.400
               ProcessGuid: {55857b6a-c47d-6a44-9901-000000000c00}
               ProcessId: 656
               Image: C:\Windows\System32\UsoClient.exe
               FileVersion: 10.0.26100.8328 (WinBuild.160101.0800)
               Description: UsoClient
               Product: Microsoft® Windows® Operating System
               Company: Microsoft Corporation
               OriginalFileName: UsoClient
               CommandLine: "C:\WINDOWS\system32\usoclient.exe" StartWork
               CurrentDirectory: C:\WINDOWS\system32\
               User: NT AUTHORITY\SYSTEM
               LogonGuid: {55857b6a-c0f4-6a44-e703-000000000000}
               LogonId: 0x3E7
               TerminalSessionId: 0
               IntegrityLevel: System
               Hashes: SHA256=D3C90744D4BB616C4946D9DC646E39E1FAD581366AA46F440B867C010B106612,IMPHAS
               H=1BC6441172601AD7E84C0082681FF7D2
               ParentProcessGuid: {00000000-0000-0000-0000-000000000000}
               ParentProcessId: 1544
               ParentImage: -
               ParentCommandLine: -
               ParentUser: -

TimeCreated  : 01/07/2026 9:40:45
Id           : 5
ProviderName : Microsoft-Windows-Sysmon
MachineName  : labwin
Message      : Process terminated:
               RuleName: -
               UtcTime: 2026-07-01 07:40:45.371
               ProcessGuid: {55857b6a-c47d-6a44-9601-000000000c00}
               ProcessId: 4196
               Image: C:\Windows\System32\taskhostw.exe
               User: labwin\jjstestal

TimeCreated  : 01/07/2026 9:40:45
Id           : 1
ProviderName : Microsoft-Windows-Sysmon
MachineName  : labwin
Message      : Process Create:
               RuleName: -
               UtcTime: 2026-07-01 07:40:45.206
               ProcessGuid: {55857b6a-c47d-6a44-9801-000000000c00}
               ProcessId: 12480
               Image: C:\Windows\System32\wbem\WmiPrvSE.exe
               FileVersion: 10.0.26100.8521 (WinBuild.160101.0800)
               Description: WMI Provider Host
               Product: Microsoft® Windows® Operating System
               Company: Microsoft Corporation
               OriginalFileName: Wmiprvse.exe
               CommandLine: C:\WINDOWS\system32\wbem\wmiprvse.exe -secured -Embedding
               CurrentDirectory: C:\WINDOWS\system32\
               User: NT AUTHORITY\Servicio de red
               LogonGuid: {55857b6a-c0f5-6a44-e403-000000000000}
               LogonId: 0x3E4
               TerminalSessionId: 0
               IntegrityLevel: System
               Hashes: SHA256=6A94D40BF022871C2C91EF67B60CCF42814447FC6090C96509A8EE94A11C5212,IMPHAS
               H=9B12E09D30AA8E8200298E4737C9F1FC
               ParentProcessGuid: {00000000-0000-0000-0000-000000000000}
               ParentProcessId: 520
               ParentImage: -
               ParentCommandLine: -
               ParentUser: -

TimeCreated  : 01/07/2026 9:40:45
Id           : 5
ProviderName : Microsoft-Windows-Sysmon
MachineName  : labwin
Message      : Process terminated:
               RuleName: -
               UtcTime: 2026-07-01 07:40:45.135
               ProcessGuid: {55857b6a-c47d-6a44-9701-000000000c00}
               ProcessId: 4280
               Image: C:\Windows\System32\taskhostw.exe
               User: NT AUTHORITY\SYSTEM

TimeCreated  : 01/07/2026 9:40:45
Id           : 1
ProviderName : Microsoft-Windows-Sysmon
MachineName  : labwin
Message      : Process Create:
               RuleName: -
               UtcTime: 2026-07-01 07:40:45.117
               ProcessGuid: {55857b6a-c47d-6a44-9701-000000000c00}
               ProcessId: 4280
               Image: C:\Windows\System32\taskhostw.exe
               FileVersion: 10.0.26100.8328 (WinBuild.160101.0800)
               Description: Host Process for Windows Tasks
               Product: Microsoft® Windows® Operating System
               Company: Microsoft Corporation
               OriginalFileName: taskhostw.exe
               CommandLine: taskhostw.exe -RegisterDevice -AccountChange
               CurrentDirectory: C:\WINDOWS\system32\
               User: NT AUTHORITY\SYSTEM
               LogonGuid: {55857b6a-c0f4-6a44-e703-000000000000}
               LogonId: 0x3E7
               TerminalSessionId: 0
               IntegrityLevel: System
               Hashes: SHA256=EA8D441DF237FB3D3B7A27A95FDE186E19C94D58A618F5C29ED5FC13CB155E96,IMPHAS
               H=2196268E7A2880E3ADC74481297D0C4B
               ParentProcessGuid: {00000000-0000-0000-0000-000000000000}
               ParentProcessId: 1544
               ParentImage: -
               ParentCommandLine: -
               ParentUser: -

TimeCreated  : 01/07/2026 9:40:45
Id           : 1
ProviderName : Microsoft-Windows-Sysmon
MachineName  : labwin
Message      : Process Create:
               RuleName: -
               UtcTime: 2026-07-01 07:40:45.098
               ProcessGuid: {55857b6a-c47d-6a44-9601-000000000c00}
               ProcessId: 4196
               Image: C:\Windows\System32\taskhostw.exe
               FileVersion: 10.0.26100.8328 (WinBuild.160101.0800)
               Description: Host Process for Windows Tasks
               Product: Microsoft® Windows® Operating System
               Company: Microsoft Corporation
               OriginalFileName: taskhostw.exe
               CommandLine: taskhostw.exe -RegisterUserDevice -NewAccount
               CurrentDirectory: C:\WINDOWS\system32\
               User: labwin\jjstestal
               LogonGuid: {55857b6a-c0f8-6a44-b504-060000000000}
               LogonId: 0x604B5
               TerminalSessionId: 1
               IntegrityLevel: Medium
               Hashes: SHA256=EA8D441DF237FB3D3B7A27A95FDE186E19C94D58A618F5C29ED5FC13CB155E96,IMPHAS
               H=2196268E7A2880E3ADC74481297D0C4B
               ParentProcessGuid: {00000000-0000-0000-0000-000000000000}
               ParentProcessId: 1544
               ParentImage: -
               ParentCommandLine: -
               ParentUser: -

TimeCreated  : 01/07/2026 9:40:42
Id           : 1
ProviderName : Microsoft-Windows-Sysmon
MachineName  : labwin
Message      : Process Create:
               RuleName: -
               UtcTime: 2026-07-01 07:40:42.468
               ProcessGuid: {55857b6a-c47a-6a44-9501-000000000c00}
               ProcessId: 15280
               Image: C:\Windows\System32\RuntimeBroker.exe
               FileVersion: 10.0.26100.8521 (WinBuild.160101.0800)
               Description: Runtime Broker
               Product: Microsoft® Windows® Operating System
               Company: Microsoft Corporation
               OriginalFileName: RuntimeBroker.exe
               CommandLine: C:\Windows\System32\RuntimeBroker.exe -Embedding
               CurrentDirectory: C:\WINDOWS\system32\
               User: labwin\jjstestal
               LogonGuid: {55857b6a-c0f8-6a44-b504-060000000000}
               LogonId: 0x604B5
               TerminalSessionId: 1
               IntegrityLevel: Medium
               Hashes: SHA256=FD5CC52C825DDBA302CF200CD2FDA3B303AC102D03BFE6F1F7A97B1E7B22E502,IMPHAS
               H=DD3379331F906897D3533DB83F199654
               ParentProcessGuid: {00000000-0000-0000-0000-000000000000}
               ParentProcessId: 520
               ParentImage: -
               ParentCommandLine: -
               ParentUser: -

TimeCreated  : 01/07/2026 9:40:42
Id           : 1
ProviderName : Microsoft-Windows-Sysmon
MachineName  : labwin
Message      : Process Create:
               RuleName: -
               UtcTime: 2026-07-01 07:40:42.425
               ProcessGuid: {55857b6a-c47a-6a44-9401-000000000c00}
               ProcessId: 14820
               Image: C:\Windows\System32\backgroundTaskHost.exe
               FileVersion: 10.0.26100.1 (WinBuild.160101.0800)
               Description: Background Task Host
               Product: Microsoft® Windows® Operating System
               Company: Microsoft Corporation
               OriginalFileName: backgroundTaskHost.exe
               CommandLine: "C:\WINDOWS\system32\BackgroundTaskHost.exe" 
               -ServerName:BackgroundTaskHost.WebAccountProvider
               CurrentDirectory: C:\Windows\SystemApps\Microsoft.AAD.BrokerPlugin_cw5n1h2txyewy\
               User: labwin\jjstestal
               LogonGuid: {55857b6a-c0f8-6a44-b504-060000000000}
               LogonId: 0x604B5
               TerminalSessionId: 1
               IntegrityLevel: AppContainer
               Hashes: SHA256=B7D2C17E0038945AA4B72AE7A89E54D29B04CCC0FEB62DF5C9B7B67DE43C2530,IMPHAS
               H=DC601E2593053A84A6989DE251407AA7
               ParentProcessGuid: {00000000-0000-0000-0000-000000000000}
               ParentProcessId: 520
               ParentImage: -
               ParentCommandLine: -
               ParentUser: -

TimeCreated  : 01/07/2026 9:40:42
Id           : 5
ProviderName : Microsoft-Windows-Sysmon
MachineName  : labwin
Message      : Process terminated:
               RuleName: -
               UtcTime: 2026-07-01 07:40:42.329
               ProcessGuid: {55857b6a-c47a-6a44-9101-000000000c00}
               ProcessId: 6956
               Image: C:\Windows\System32\UsoClient.exe
               User: NT AUTHORITY\SYSTEM

TimeCreated  : 01/07/2026 9:40:42
Id           : 1
ProviderName : Microsoft-Windows-Sysmon
MachineName  : labwin
Message      : Process Create:
               RuleName: -
               UtcTime: 2026-07-01 07:40:42.314
               ProcessGuid: {55857b6a-c47a-6a44-9301-000000000c00}
               ProcessId: 12624
               Image: C:\Windows\System32\svchost.exe
               FileVersion: 10.0.26100.8521 (WinBuild.160101.0800)
               Description: Host Process for Windows Services
               Product: Microsoft® Windows® Operating System
               Company: Microsoft Corporation
               OriginalFileName: svchost.exe
               CommandLine: C:\WINDOWS\system32\svchost.exe -k wusvcs -p -s WaaSMedicSvc
               CurrentDirectory: C:\WINDOWS\system32\
               User: NT AUTHORITY\SYSTEM
               LogonGuid: {55857b6a-c0f4-6a44-e703-000000000000}
               LogonId: 0x3E7
               TerminalSessionId: 0
               IntegrityLevel: System
               Hashes: SHA256=2178F1915F740CCE64040107CD489E9E1FF828A7EA29CD706BC46BA0FBAA69C4,IMPHAS
               H=DE43BD45CC98C143357416C7519ECCFD
               ParentProcessGuid: {00000000-0000-0000-0000-000000000000}
               ParentProcessId: 928
               ParentImage: -
               ParentCommandLine: -
               ParentUser: -

TimeCreated  : 01/07/2026 9:40:42
Id           : 1
ProviderName : Microsoft-Windows-Sysmon
MachineName  : labwin
Message      : Process Create:
               RuleName: -
               UtcTime: 2026-07-01 07:40:42.249
               ProcessGuid: {55857b6a-c47a-6a44-9201-000000000c00}
               ProcessId: 13468
               Image: C:\Windows\UUS\amd64\MoUsoCoreWorker.exe
               FileVersion: 1507.2605.13032.0
               Description: MoUSO Core Worker Process
               Product: Microsoft® Windows® Operating System
               Company: Microsoft Corporation
               OriginalFileName: MoUSOCoreWorker.exe
               CommandLine: "C:\WINDOWS\uus\AMD64\MoUsoCoreWorker.exe" useprivatenamespaces
               CurrentDirectory: C:\WINDOWS\system32\
               User: NT AUTHORITY\SYSTEM
               LogonGuid: {55857b6a-c0f4-6a44-e703-000000000000}
               LogonId: 0x3E7
               TerminalSessionId: 0
               IntegrityLevel: System
               Hashes: SHA256=6EDBCF322AD76F2DF9E2CB39C2EF5B35EED4E8869ADA6BCE1AC13AD0218A7BA6,IMPHAS
               H=2380BE07383A8FFD0806D8375B4CABA6
               ParentProcessGuid: {55857b6a-c171-6a44-0801-000000000c00}
               ParentProcessId: 11592
               ParentImage: C:\Windows\System32\svchost.exe
               ParentCommandLine: C:\WINDOWS\system32\svchost.exe -k netsvcs -p -s UsoSvc
               ParentUser: NT AUTHORITY\SYSTEM

TimeCreated  : 01/07/2026 9:40:42
Id           : 1
ProviderName : Microsoft-Windows-Sysmon
MachineName  : labwin
Message      : Process Create:
               RuleName: -
               UtcTime: 2026-07-01 07:40:42.215
               ProcessGuid: {55857b6a-c47a-6a44-9101-000000000c00}
               ProcessId: 6956
               Image: C:\Windows\System32\UsoClient.exe
               FileVersion: 10.0.26100.8328 (WinBuild.160101.0800)
               Description: UsoClient
               Product: Microsoft® Windows® Operating System
               Company: Microsoft Corporation
               OriginalFileName: UsoClient
               CommandLine: "C:\WINDOWS\system32\usoclient.exe" StartWork
               CurrentDirectory: C:\WINDOWS\system32\
               User: NT AUTHORITY\SYSTEM
               LogonGuid: {55857b6a-c0f4-6a44-e703-000000000000}
               LogonId: 0x3E7
               TerminalSessionId: 0
               IntegrityLevel: System
               Hashes: SHA256=D3C90744D4BB616C4946D9DC646E39E1FAD581366AA46F440B867C010B106612,IMPHAS
               H=1BC6441172601AD7E84C0082681FF7D2
               ParentProcessGuid: {00000000-0000-0000-0000-000000000000}
               ParentProcessId: 1544
               ParentImage: -
               ParentCommandLine: -
               ParentUser: -

TimeCreated  : 01/07/2026 9:40:37
Id           : 11
ProviderName : Microsoft-Windows-Sysmon
MachineName  : labwin
Message      : File created:
               RuleName: -
               UtcTime: 2026-07-01 07:40:37.722
               ProcessGuid: {55857b6a-c0f8-6a44-7200-000000000c00}
               ProcessId: 4596
               Image: C:\WINDOWS\Explorer.EXE
               TargetFilename: 
               C:\Users\jjstestal\AppData\Roaming\Microsoft\Windows\Recent\reports.lnk
               CreationUtcTime: 2026-06-30 10:50:23.354
               User: labwin\jjstestal

TimeCreated  : 01/07/2026 9:40:37
Id           : 11
ProviderName : Microsoft-Windows-Sysmon
MachineName  : labwin
Message      : File created:
               RuleName: -
               UtcTime: 2026-07-01 07:40:37.720
               ProcessGuid: {55857b6a-c0f8-6a44-7200-000000000c00}
               ProcessId: 4596
               Image: C:\WINDOWS\Explorer.EXE
               TargetFilename: C:\Users\jjstestal\AppData\Roaming\Microsoft\Windows\Recent\fase4_S4_s
               cheduled_task_query.lnk
               CreationUtcTime: 2026-07-01 07:38:49.946
               User: labwin\jjstestal

TimeCreated  : 01/07/2026 9:40:16
Id           : 11
ProviderName : Microsoft-Windows-Sysmon
MachineName  : labwin
Message      : File created:
               RuleName: -
               UtcTime: 2026-07-01 07:40:16.475
               ProcessGuid: {55857b6a-c0f8-6a44-7200-000000000c00}
               ProcessId: 4596
               Image: C:\WINDOWS\Explorer.EXE
               TargetFilename: 
               C:\Users\jjstestal\AppData\Roaming\Microsoft\Windows\Recent\reports.lnk
               CreationUtcTime: 2026-06-30 10:50:23.354
               User: labwin\jjstestal

TimeCreated  : 01/07/2026 9:40:16
Id           : 11
ProviderName : Microsoft-Windows-Sysmon
MachineName  : labwin
Message      : File created:
               RuleName: -
               UtcTime: 2026-07-01 07:40:16.466
               ProcessGuid: {55857b6a-c0f8-6a44-7200-000000000c00}
               ProcessId: 4596
               Image: C:\WINDOWS\Explorer.EXE
               TargetFilename: 
               C:\Users\jjstestal\AppData\Roaming\Microsoft\Windows\Recent\fase4_S5_service_query.lnk
               CreationUtcTime: 2026-07-01 07:40:16.466
               User: labwin\jjstestal

TimeCreated  : 01/07/2026 9:40:13
Id           : 11
ProviderName : Microsoft-Windows-Sysmon
MachineName  : labwin
Message      : File created:
               RuleName: -
               UtcTime: 2026-07-01 07:40:13.446
               ProcessGuid: {55857b6a-c0fb-6a44-8a00-000000000c00}
               ProcessId: 7320
               Image: C:\Program Files 
               (x86)\Microsoft\EdgeWebView\Application\149.0.4022.98\msedgewebview2.exe
               TargetFilename: C:\Users\jjstestal\AppData\Local\Packages\MicrosoftWindows.Client.CBS_
               cw5n1h2txyewy\LocalState\EBWebView\Default\Network\b549aece-bb02-4bd7-825c-1f381824f16
               a.tmp
               CreationUtcTime: 2026-07-01 07:40:13.446
               User: labwin\jjstestal

TimeCreated  : 01/07/2026 9:40:13
Id           : 11
ProviderName : Microsoft-Windows-Sysmon
MachineName  : labwin
Message      : File created:
               RuleName: -
               UtcTime: 2026-07-01 07:40:13.442
               ProcessGuid: {55857b6a-c0fb-6a44-8a00-000000000c00}
               ProcessId: 7320
               Image: C:\Program Files 
               (x86)\Microsoft\EdgeWebView\Application\149.0.4022.98\msedgewebview2.exe
               TargetFilename: C:\Users\jjstestal\AppData\Local\Packages\MicrosoftWindows.Client.CBS_
               cw5n1h2txyewy\LocalState\EBWebView\Default\Network\53483ac1-772f-4399-8701-53cd9e158e8
               1.tmp
               CreationUtcTime: 2026-07-01 07:40:13.442
               User: labwin\jjstestal

TimeCreated  : 01/07/2026 9:39:58
Id           : 3
ProviderName : Microsoft-Windows-Sysmon
MachineName  : labwin
Message      : Network connection detected:
               RuleName: -
               UtcTime: 2026-07-01 07:39:55.062
               ProcessGuid: {55857b6a-c0f5-6a44-2d00-000000000c00}
               ProcessId: 2264
               Image: C:\Windows\System32\svchost.exe
               User: NT AUTHORITY\Servicio de red
               Protocol: udp
               Initiated: true
               SourceIsIpv6: false
               SourceIp: 10.0.2.15
               SourceHostname: labwin.XCORP.almendralejo.es
               SourcePort: 60819
               SourcePortName: -
               DestinationIsIpv6: false
               DestinationIp: 10.100.15.20
               DestinationHostname: astapor.corp.almendralejo.es
               DestinationPort: 53
               DestinationPortName: domain

TimeCreated  : 01/07/2026 9:39:57
Id           : 22
ProviderName : Microsoft-Windows-Sysmon
MachineName  : labwin
Message      : Dns query:
               RuleName: -
               UtcTime: 2026-07-01 07:39:55.490
               ProcessGuid: {55857b6a-c0f6-6a44-4400-000000000c00}
               ProcessId: 3444
               QueryName: 54.109.209.48.in-addr.arpa.
               QueryStatus: 9003
               QueryResults: -
               Image: C:\Windows\Sysmon64.exe
               User: NT AUTHORITY\SYSTEM

TimeCreated  : 01/07/2026 9:39:57
Id           : 11
ProviderName : Microsoft-Windows-Sysmon
MachineName  : labwin
Message      : File created:
               RuleName: -
               UtcTime: 2026-07-01 07:39:57.060
               ProcessGuid: {55857b6a-c19b-6a44-2101-000000000c00}
               ProcessId: 1708
               Image: C:\WINDOWS\System32\WindowsPowerShell\v1.0\powershell.exe
               TargetFilename: C:\TFM_Triage\reports\fase4_S5_service_creation.txt
               CreationUtcTime: 2026-07-01 07:39:57.060
               User: labwin\jjstestal

TimeCreated  : 01/07/2026 9:39:55
Id           : 3
ProviderName : Microsoft-Windows-Sysmon
MachineName  : labwin
Message      : Network connection detected:
               RuleName: -
               UtcTime: 2026-07-01 07:39:53.860
               ProcessGuid: {55857b6a-c0f6-6a44-4600-000000000c00}
               ProcessId: 3468
               Image: C:\ProgramData\Microsoft\Windows Defender\Platform\4.18.26050.15-0\MsMpEng.exe
               User: NT AUTHORITY\SYSTEM
               Protocol: tcp
               Initiated: true
               SourceIsIpv6: false
               SourceIp: 10.0.2.15
               SourceHostname: labwin.XCORP.almendralejo.es
               SourcePort: 64033
               SourcePortName: -
               DestinationIsIpv6: false
               DestinationIp: 48.209.109.54
               DestinationHostname: -
               DestinationPort: 443
               DestinationPortName: https

TimeCreated  : 01/07/2026 9:39:55
Id           : 3
ProviderName : Microsoft-Windows-Sysmon
MachineName  : labwin
Message      : Network connection detected:
               RuleName: -
               UtcTime: 2026-07-01 07:39:53.152
               ProcessGuid: {55857b6a-c0f6-6a44-4600-000000000c00}
               ProcessId: 3468
               Image: C:\ProgramData\Microsoft\Windows Defender\Platform\4.18.26050.15-0\MsMpEng.exe
               User: NT AUTHORITY\SYSTEM
               Protocol: tcp
               Initiated: true
               SourceIsIpv6: false
               SourceIp: 10.0.2.15
               SourceHostname: labwin.XCORP.almendralejo.es
               SourcePort: 64032
               SourcePortName: -
               DestinationIsIpv6: false
               DestinationIp: 48.209.109.54
               DestinationHostname: -
               DestinationPort: 443
               DestinationPortName: https

TimeCreated  : 01/07/2026 9:39:55
Id           : 3
ProviderName : Microsoft-Windows-Sysmon
MachineName  : labwin
Message      : Network connection detected:
               RuleName: -
               UtcTime: 2026-07-01 07:39:53.098
               ProcessGuid: {55857b6a-c0f5-6a44-2d00-000000000c00}
               ProcessId: 2264
               Image: C:\Windows\System32\svchost.exe
               User: NT AUTHORITY\Servicio de red
               Protocol: udp
               Initiated: false
               SourceIsIpv6: false
               SourceIp: 10.0.2.15
               SourceHostname: labwin.XCORP.almendralejo.es
               SourcePort: 53800
               SourcePortName: -
               DestinationIsIpv6: false
               DestinationIp: 10.100.15.20
               DestinationHostname: astapor.corp.almendralejo.es
               DestinationPort: 53
               DestinationPortName: domain

TimeCreated  : 01/07/2026 9:39:55
Id           : 3
ProviderName : Microsoft-Windows-Sysmon
MachineName  : labwin
Message      : Network connection detected:
               RuleName: -
               UtcTime: 2026-07-01 07:39:53.083
               ProcessGuid: {55857b6a-c0f5-6a44-2d00-000000000c00}
               ProcessId: 2264
               Image: C:\Windows\System32\svchost.exe
               User: NT AUTHORITY\Servicio de red
               Protocol: udp
               Initiated: true
               SourceIsIpv6: false
               SourceIp: 10.0.2.15
               SourceHostname: labwin.XCORP.almendralejo.es
               SourcePort: 53800
               SourcePortName: -
               DestinationIsIpv6: false
               DestinationIp: 10.100.16.82
               DestinationHostname: volantis.corp.almendralejo.es
               DestinationPort: 53
               DestinationPortName: domain

TimeCreated  : 01/07/2026 9:39:55
Id           : 3
ProviderName : Microsoft-Windows-Sysmon
MachineName  : labwin
Message      : Network connection detected:
               RuleName: -
               UtcTime: 2026-07-01 07:39:53.083
               ProcessGuid: {55857b6a-c0f5-6a44-2d00-000000000c00}
               ProcessId: 2264
               Image: C:\Windows\System32\svchost.exe
               User: NT AUTHORITY\Servicio de red
               Protocol: udp
               Initiated: true
               SourceIsIpv6: false
               SourceIp: 10.0.2.15
               SourceHostname: labwin.XCORP.almendralejo.es
               SourcePort: 64482
               SourcePortName: -
               DestinationIsIpv6: false
               DestinationIp: 10.100.16.82
               DestinationHostname: volantis.corp.almendralejo.es
               DestinationPort: 53
               DestinationPortName: domain

TimeCreated  : 01/07/2026 9:39:55
Id           : 3
ProviderName : Microsoft-Windows-Sysmon
MachineName  : labwin
Message      : Network connection detected:
               RuleName: -
               UtcTime: 2026-07-01 07:39:53.045
               ProcessGuid: {55857b6a-c0f5-6a44-2d00-000000000c00}
               ProcessId: 2264
               Image: C:\Windows\System32\svchost.exe
               User: NT AUTHORITY\Servicio de red
               Protocol: udp
               Initiated: true
               SourceIsIpv6: false
               SourceIp: 10.0.2.15
               SourceHostname: labwin.XCORP.almendralejo.es
               SourcePort: 64482
               SourcePortName: -
               DestinationIsIpv6: false
               DestinationIp: 10.100.15.20
               DestinationHostname: astapor.corp.almendralejo.es
               DestinationPort: 53
               DestinationPortName: domain

TimeCreated  : 01/07/2026 9:39:55
Id           : 3
ProviderName : Microsoft-Windows-Sysmon
MachineName  : labwin
Message      : Network connection detected:
               RuleName: -
               UtcTime: 2026-07-01 07:39:53.045
               ProcessGuid: {55857b6a-c0f5-6a44-2d00-000000000c00}
               ProcessId: 2264
               Image: C:\Windows\System32\svchost.exe
               User: NT AUTHORITY\Servicio de red
               Protocol: udp
               Initiated: true
               SourceIsIpv6: false
               SourceIp: 10.0.2.15
               SourceHostname: labwin.XCORP.almendralejo.es
               SourcePort: 53800
               SourcePortName: -
               DestinationIsIpv6: false
               DestinationIp: 10.100.15.20
               DestinationHostname: astapor.corp.almendralejo.es
               DestinationPort: 53
               DestinationPortName: domain

TimeCreated  : 01/07/2026 9:39:55
Id           : 22
ProviderName : Microsoft-Windows-Sysmon
MachineName  : labwin
Message      : Dns query:
               RuleName: -
               UtcTime: 2026-07-01 07:39:53.508
               ProcessGuid: {55857b6a-c0f6-6a44-4600-000000000c00}
               ProcessId: 3468
               QueryName: wdcp.microsoft.com
               QueryStatus: 0
               QueryResults: type: 5 wd-prod-cp.trafficmanager.net;type: 5 
               wd-prod-cp-eu-west-1-fe.westeurope.cloudapp.azure.com;::ffff:48.209.109.54;
               Image: C:\ProgramData\Microsoft\Windows Defender\Platform\4.18.26050.15-0\MsMpEng.exe
               User: NT AUTHORITY\SYSTEM



