TimeCreated  : 30/06/2026 17:54:51
Id           : 5
ProviderName : Microsoft-Windows-Sysmon
MachineName  : labwin
Message      : Process terminated:
               RuleName: -
               UtcTime: 2026-06-30 15:54:51.334
               ProcessGuid: {55857b6a-e626-6a43-3d04-000000000b00}
               ProcessId: 10480
               Image: C:\Windows\System32\SearchFilterHost.exe
               User: NT AUTHORITY\SYSTEM

TimeCreated  : 30/06/2026 17:54:51
Id           : 5
ProviderName : Microsoft-Windows-Sysmon
MachineName  : labwin
Message      : Process terminated:
               RuleName: -
               UtcTime: 2026-06-30 15:54:51.330
               ProcessGuid: {55857b6a-e626-6a43-3c04-000000000b00}
               ProcessId: 5340
               Image: C:\Windows\System32\SearchFilterHost.exe
               User: NT AUTHORITY\SYSTEM

TimeCreated  : 30/06/2026 17:54:51
Id           : 11
ProviderName : Microsoft-Windows-Sysmon
MachineName  : labwin
Message      : File created:
               RuleName: -
               UtcTime: 2026-06-30 15:54:51.035
               ProcessGuid: {55857b6a-e4b8-6a43-1004-000000000b00}
               ProcessId: 12964
               Image: C:\WINDOWS\System32\WindowsPowerShell\v1.0\powershell.exe
               TargetFilename: C:\TFM_Triage\reports\fase3_N3_administracion_windows.txt
               CreationUtcTime: 2026-06-30 15:54:51.035
               User: labwin\jjstestal

TimeCreated  : 30/06/2026 17:54:49
Id           : 11
ProviderName : Microsoft-Windows-Sysmon
MachineName  : labwin
Message      : File created:
               RuleName: -
               UtcTime: 2026-06-30 15:54:49.716
               ProcessGuid: {55857b6a-e4b8-6a43-1004-000000000b00}
               ProcessId: 12964
               Image: C:\WINDOWS\System32\WindowsPowerShell\v1.0\powershell.exe
               TargetFilename: C:\TFM_Triage\reports\fase3_N3_getprocess.txt
               CreationUtcTime: 2026-06-30 15:54:49.713
               User: labwin\jjstestal

TimeCreated  : 30/06/2026 17:54:49
Id           : 11
ProviderName : Microsoft-Windows-Sysmon
MachineName  : labwin
Message      : File created:
               RuleName: -
               UtcTime: 2026-06-30 15:54:49.686
               ProcessGuid: {55857b6a-e4b8-6a43-1004-000000000b00}
               ProcessId: 12964
               Image: C:\WINDOWS\System32\WindowsPowerShell\v1.0\powershell.exe
               TargetFilename: C:\TFM_Triage\reports\fase3_N3_getservice.txt
               CreationUtcTime: 2026-06-30 15:54:49.686
               User: labwin\jjstestal

TimeCreated  : 30/06/2026 17:54:49
Id           : 5
ProviderName : Microsoft-Windows-Sysmon
MachineName  : labwin
Message      : Process terminated:
               RuleName: -
               UtcTime: 2026-06-30 15:54:49.670
               ProcessGuid: {55857b6a-e6c9-6a43-4e04-000000000b00}
               ProcessId: 5572
               Image: C:\Windows\System32\cmd.exe
               User: labwin\jjstestal

TimeCreated  : 30/06/2026 17:54:49
Id           : 5
ProviderName : Microsoft-Windows-Sysmon
MachineName  : labwin
Message      : Process terminated:
               RuleName: -
               UtcTime: 2026-06-30 15:54:49.668
               ProcessGuid: {55857b6a-e6c9-6a43-4f04-000000000b00}
               ProcessId: 12356
               Image: C:\Windows\System32\schtasks.exe
               User: labwin\jjstestal

TimeCreated  : 30/06/2026 17:54:49
Id           : 1
ProviderName : Microsoft-Windows-Sysmon
MachineName  : labwin
Message      : Process Create:
               RuleName: -
               UtcTime: 2026-06-30 15:54:49.038
               ProcessGuid: {55857b6a-e6c9-6a43-4f04-000000000b00}
               ProcessId: 12356
               Image: C:\Windows\System32\schtasks.exe
               FileVersion: 10.0.26100.6725 (WinBuild.160101.0800)
               Description: Task Scheduler Configuration Tool
               Product: Microsoft® Windows® Operating System
               Company: Microsoft Corporation
               OriginalFileName: schtasks.exe
               CommandLine: schtasks  /query /fo LIST
               CurrentDirectory: C:\Users\jjstestal\
               User: labwin\jjstestal
               LogonGuid: {55857b6a-a5a9-6a43-35f2-590000000000}
               LogonId: 0x59F235
               TerminalSessionId: 1
               IntegrityLevel: High
               Hashes: SHA256=B96AF3066F0B9DE8A460F77BAAE006C5372A266BE18C561DAA7C7AE8635D399D,IMPHAS
               H=A7B2338D5533AE221C0EB231BBEC0787
               ParentProcessGuid: {55857b6a-e6c9-6a43-4e04-000000000b00}
               ParentProcessId: 5572
               ParentImage: C:\Windows\System32\cmd.exe
               ParentCommandLine: "C:\WINDOWS\system32\cmd.exe" /c schtasks /query /fo LIST
               ParentUser: labwin\jjstestal

TimeCreated  : 30/06/2026 17:54:49
Id           : 1
ProviderName : Microsoft-Windows-Sysmon
MachineName  : labwin
Message      : Process Create:
               RuleName: -
               UtcTime: 2026-06-30 15:54:49.027
               ProcessGuid: {55857b6a-e6c9-6a43-4e04-000000000b00}
               ProcessId: 5572
               Image: C:\Windows\System32\cmd.exe
               FileVersion: 10.0.26100.8521 (WinBuild.160101.0800)
               Description: Windows Command Processor
               Product: Microsoft® Windows® Operating System
               Company: Microsoft Corporation
               OriginalFileName: Cmd.Exe
               CommandLine: "C:\WINDOWS\system32\cmd.exe" /c schtasks /query /fo LIST
               CurrentDirectory: C:\Users\jjstestal\
               User: labwin\jjstestal
               LogonGuid: {55857b6a-a5a9-6a43-35f2-590000000000}
               LogonId: 0x59F235
               TerminalSessionId: 1
               IntegrityLevel: High
               Hashes: SHA256=75320A519959CC6D089EA3EBA33C38CACCB7F138A025EA439BC9686CDB79DED4,IMPHAS
               H=B0F049C014592B156EB1FA857E99CEB9
               ParentProcessGuid: {55857b6a-e4b8-6a43-1004-000000000b00}
               ParentProcessId: 12964
               ParentImage: C:\Windows\System32\WindowsPowerShell\v1.0\powershell.exe
               ParentCommandLine: C:\WINDOWS\System32\WindowsPowerShell\v1.0\powershell.exe
               ParentUser: labwin\jjstestal

TimeCreated  : 30/06/2026 17:54:49
Id           : 11
ProviderName : Microsoft-Windows-Sysmon
MachineName  : labwin
Message      : File created:
               RuleName: -
               UtcTime: 2026-06-30 15:54:49.026
               ProcessGuid: {55857b6a-e4b8-6a43-1004-000000000b00}
               ProcessId: 12964
               Image: C:\WINDOWS\System32\WindowsPowerShell\v1.0\powershell.exe
               TargetFilename: C:\TFM_Triage\reports\fase3_N3_schtasks_query.txt
               CreationUtcTime: 2026-06-30 15:54:49.024
               User: labwin\jjstestal

TimeCreated  : 30/06/2026 17:54:49
Id           : 5
ProviderName : Microsoft-Windows-Sysmon
MachineName  : labwin
Message      : Process terminated:
               RuleName: -
               UtcTime: 2026-06-30 15:54:49.012
               ProcessGuid: {55857b6a-e6c8-6a43-4b04-000000000b00}
               ProcessId: 3680
               Image: C:\Windows\System32\cmd.exe
               User: labwin\jjstestal

TimeCreated  : 30/06/2026 17:54:49
Id           : 5
ProviderName : Microsoft-Windows-Sysmon
MachineName  : labwin
Message      : Process terminated:
               RuleName: -
               UtcTime: 2026-06-30 15:54:49.010
               ProcessGuid: {55857b6a-e6c8-6a43-4c04-000000000b00}
               ProcessId: 12748
               Image: C:\Windows\System32\tasklist.exe
               User: labwin\jjstestal

TimeCreated  : 30/06/2026 17:54:48
Id           : 1
ProviderName : Microsoft-Windows-Sysmon
MachineName  : labwin
Message      : Process Create:
               RuleName: -
               UtcTime: 2026-06-30 15:54:48.924
               ProcessGuid: {55857b6a-e6c8-6a43-4d04-000000000b00}
               ProcessId: 13440
               Image: C:\Windows\System32\wbem\WmiPrvSE.exe
               FileVersion: 10.0.26100.8521 (WinBuild.160101.0800)
               Description: WMI Provider Host
               Product: Microsoft® Windows® Operating System
               Company: Microsoft Corporation
               OriginalFileName: Wmiprvse.exe
               CommandLine: C:\WINDOWS\system32\wbem\wmiprvse.exe -secured -Embedding
               CurrentDirectory: C:\WINDOWS\system32\
               User: NT AUTHORITY\Servicio de red
               LogonGuid: {55857b6a-a216-6a43-e403-000000000000}
               LogonId: 0x3E4
               TerminalSessionId: 0
               IntegrityLevel: System
               Hashes: SHA256=6A94D40BF022871C2C91EF67B60CCF42814447FC6090C96509A8EE94A11C5212,IMPHAS
               H=9B12E09D30AA8E8200298E4737C9F1FC
               ParentProcessGuid: {55857b6a-a216-6a43-0d00-000000000b00}
               ParentProcessId: 648
               ParentImage: C:\Windows\System32\svchost.exe
               ParentCommandLine: C:\WINDOWS\system32\svchost.exe -k DcomLaunch -p
               ParentUser: NT AUTHORITY\SYSTEM

TimeCreated  : 30/06/2026 17:54:48
Id           : 1
ProviderName : Microsoft-Windows-Sysmon
MachineName  : labwin
Message      : Process Create:
               RuleName: -
               UtcTime: 2026-06-30 15:54:48.898
               ProcessGuid: {55857b6a-e6c8-6a43-4c04-000000000b00}
               ProcessId: 12748
               Image: C:\Windows\System32\tasklist.exe
               FileVersion: 10.0.26100.1 (WinBuild.160101.0800)
               Description: Lists the current running tasks
               Product: Microsoft® Windows® Operating System
               Company: Microsoft Corporation
               OriginalFileName: tasklist.exe
               CommandLine: tasklist
               CurrentDirectory: C:\Users\jjstestal\
               User: labwin\jjstestal
               LogonGuid: {55857b6a-a5a9-6a43-35f2-590000000000}
               LogonId: 0x59F235
               TerminalSessionId: 1
               IntegrityLevel: High
               Hashes: SHA256=62800679C55682F2F5F38B3DF9080D12480BEA78B5B8476EACE9DF014F353B14,IMPHAS
               H=1EC449474B2F8125DB72AC9B593E4CA6
               ParentProcessGuid: {55857b6a-e6c8-6a43-4b04-000000000b00}
               ParentProcessId: 3680
               ParentImage: C:\Windows\System32\cmd.exe
               ParentCommandLine: "C:\WINDOWS\system32\cmd.exe" /c tasklist
               ParentUser: labwin\jjstestal



